14:54:09 INFO  : Registering command handlers for SDK TCF services
14:54:10 INFO  : Launching XSCT server: xsct.bat -interactive D:\QEQC\ISA_3\hello\hello\hello.sdk\temp_xsdb_launch_script.tcl
14:54:19 INFO  : XSCT server has started successfully.
14:54:34 INFO  : Successfully done setting XSCT server connection channel  
14:54:34 INFO  : Successfully done setting SDK workspace  
14:54:34 INFO  : Processing command line option -hwspec D:/QEQC/ISA_3/hello/hello/hello.sdk/design_1_wrapper.hdf.
15:08:17 INFO  : Connected to target on host '127.0.0.1' and port '3121'.
15:08:42 INFO  : Connected to target on host '127.0.0.1' and port '3121'.
15:08:43 INFO  : 'targets -set -filter {jtag_cable_name =~ "Digilent Zed 210248A49B99" && level==0} -index 1' command is executed.
15:08:45 INFO  : FPGA configured successfully with bitstream "D:/QEQC/ISA_3/hello/hello/hello.sdk/design_1_wrapper_hw_platform_0/design_1_wrapper.bit"
15:22:07 INFO  : Connected to target on host '127.0.0.1' and port '3121'.
15:22:48 INFO  : Connected to target on host '127.0.0.1' and port '3121'.
15:22:48 INFO  : 'targets -set -filter {jtag_cable_name =~ "Digilent Zed 210248A49B99" && level==0} -index 1' command is executed.
15:22:50 INFO  : FPGA configured successfully with bitstream "D:/QEQC/ISA_3/hello/hello/hello.sdk/design_1_wrapper_hw_platform_0/design_1_wrapper.bit"
15:24:50 INFO  : Connected to target on host '127.0.0.1' and port '3121'.
15:24:51 INFO  : 'targets -set -filter {jtag_cable_name =~ "Digilent Zed 210248A49B99" && level==0} -index 1' command is executed.
15:24:53 INFO  : FPGA configured successfully with bitstream "D:/QEQC/ISA_3/hello/hello/hello.sdk/design_1_wrapper_hw_platform_0/design_1_wrapper.bit"
15:25:26 INFO  : 'targets -set -filter {jtag_cable_name =~ "Digilent Zed 210248A49B99" && level==0} -index 1' command is executed.
15:25:26 INFO  : 'fpga -state' command is executed.
15:25:26 INFO  : Connected to target on host '127.0.0.1' and port '3121'.
15:25:26 INFO  : Jtag cable 'Digilent Zed 210248A49B99' is selected.
15:25:26 INFO  : 'jtag frequency' command is executed.
15:25:26 INFO  : Sourcing of 'D:/QEQC/ISA_3/hello/hello/hello.sdk/design_1_wrapper_hw_platform_0/ps7_init.tcl' is done.
15:25:26 INFO  : Context for 'APU' is selected.
15:25:26 INFO  : Hardware design information is loaded from 'D:/QEQC/ISA_3/hello/hello/hello.sdk/design_1_wrapper_hw_platform_0/system.hdf'.
15:25:26 INFO  : 'configparams force-mem-access 1' command is executed.
15:25:26 INFO  : Context for 'APU' is selected.
15:25:26 INFO  : 'stop' command is executed.
15:25:27 INFO  : 'ps7_init' command is executed.
15:25:27 INFO  : 'ps7_post_config' command is executed.
15:25:27 INFO  : Context for processor 'ps7_cortexa9_0' is selected.
15:25:27 INFO  : Processor reset is completed for 'ps7_cortexa9_0'.
15:25:27 INFO  : Context for processor 'ps7_cortexa9_0' is selected.
15:25:27 INFO  : The application 'D:/QEQC/ISA_3/hello/hello/hello.sdk/hello/Debug/hello.elf' is downloaded to processor 'ps7_cortexa9_0'.
15:25:27 INFO  : 'configparams force-mem-access 0' command is executed.
15:25:27 INFO  : ----------------XSDB Script----------------
connect -url tcp:127.0.0.1:3121
source D:/QEQC/ISA_3/hello/hello/hello.sdk/design_1_wrapper_hw_platform_0/ps7_init.tcl
targets -set -nocase -filter {name =~"APU*" && jtag_cable_name =~ "Digilent Zed 210248A49B99"} -index 0
loadhw -hw D:/QEQC/ISA_3/hello/hello/hello.sdk/design_1_wrapper_hw_platform_0/system.hdf -mem-ranges [list {0x40000000 0xbfffffff}]
configparams force-mem-access 1
targets -set -nocase -filter {name =~"APU*" && jtag_cable_name =~ "Digilent Zed 210248A49B99"} -index 0
stop
ps7_init
ps7_post_config
targets -set -nocase -filter {name =~ "ARM*#0" && jtag_cable_name =~ "Digilent Zed 210248A49B99"} -index 0
rst -processor
targets -set -nocase -filter {name =~ "ARM*#0" && jtag_cable_name =~ "Digilent Zed 210248A49B99"} -index 0
dow D:/QEQC/ISA_3/hello/hello/hello.sdk/hello/Debug/hello.elf
configparams force-mem-access 0
----------------End of Script----------------

15:25:27 INFO  : Memory regions updated for context APU
15:25:28 INFO  : Context for processor 'ps7_cortexa9_0' is selected.
15:25:28 INFO  : 'con' command is executed.
15:25:28 INFO  : ----------------XSDB Script (After Launch)----------------
targets -set -nocase -filter {name =~ "ARM*#0" && jtag_cable_name =~ "Digilent Zed 210248A49B99"} -index 0
con
----------------End of Script----------------

15:25:28 INFO  : Launch script is exported to file 'D:\QEQC\ISA_3\hello\hello\hello.sdk\.sdk\launch_scripts\xilinx_c-c++_application_(system_debugger)\system_debugger_using_debug_hello.elf_on_local.tcl'
17:00:15 INFO  : Connected to target on host '127.0.0.1' and port '3121'.
17:00:15 INFO  : 'targets -set -filter {jtag_cable_name =~ "Digilent Zed 210248A49B99" && level==0} -index 1' command is executed.
17:00:18 INFO  : FPGA configured successfully with bitstream "D:/QEQC/ISA_3/hello/hello/hello.sdk/design_1_wrapper_hw_platform_0/design_1_wrapper.bit"
17:13:18 INFO  : Disconnected from the channel tcfchan#1.
17:14:18 INFO  : Connected to target on host '127.0.0.1' and port '3121'.
17:14:18 INFO  : 'targets -set -filter {jtag_cable_name =~ "Digilent Zed 210248A49B99" && level==0} -index 1' command is executed.
17:14:21 INFO  : FPGA configured successfully with bitstream "D:/QEQC/ISA_3/hello/hello/hello.sdk/design_1_wrapper_hw_platform_0/design_1_wrapper.bit"
17:15:25 INFO  : Connected to target on host '127.0.0.1' and port '3121'.
17:15:25 INFO  : 'targets -set -filter {jtag_cable_name =~ "Digilent Zed 210248A49B99" && level==0} -index 1' command is executed.
17:15:27 INFO  : FPGA configured successfully with bitstream "D:/QEQC/ISA_3/hello/hello/hello.sdk/design_1_wrapper_hw_platform_0/design_1_wrapper.bit"
17:17:49 INFO  : 'targets -set -filter {jtag_cable_name =~ "Digilent Zed 210248A49B99" && level==0} -index 1' command is executed.
17:17:49 INFO  : 'fpga -state' command is executed.
17:17:49 INFO  : Connected to target on host '127.0.0.1' and port '3121'.
17:17:50 INFO  : Jtag cable 'Digilent Zed 210248A49B99' is selected.
17:17:50 INFO  : 'jtag frequency' command is executed.
17:17:50 INFO  : Sourcing of 'D:/QEQC/ISA_3/hello/hello/hello.sdk/design_1_wrapper_hw_platform_0/ps7_init.tcl' is done.
17:17:50 INFO  : Context for 'APU' is selected.
17:17:50 INFO  : Hardware design information is loaded from 'D:/QEQC/ISA_3/hello/hello/hello.sdk/design_1_wrapper_hw_platform_0/system.hdf'.
17:17:50 INFO  : 'configparams force-mem-access 1' command is executed.
17:17:50 INFO  : Context for 'APU' is selected.
17:17:50 INFO  : 'stop' command is executed.
17:17:50 INFO  : 'ps7_init' command is executed.
17:17:50 INFO  : 'ps7_post_config' command is executed.
17:17:50 INFO  : Context for processor 'ps7_cortexa9_0' is selected.
17:17:50 INFO  : Processor reset is completed for 'ps7_cortexa9_0'.
17:17:50 INFO  : Context for processor 'ps7_cortexa9_0' is selected.
17:17:50 INFO  : The application 'D:/QEQC/ISA_3/hello/hello/hello.sdk/hello/Debug/hello.elf' is downloaded to processor 'ps7_cortexa9_0'.
17:17:50 INFO  : 'configparams force-mem-access 0' command is executed.
17:17:50 INFO  : ----------------XSDB Script----------------
connect -url tcp:127.0.0.1:3121
source D:/QEQC/ISA_3/hello/hello/hello.sdk/design_1_wrapper_hw_platform_0/ps7_init.tcl
targets -set -nocase -filter {name =~"APU*" && jtag_cable_name =~ "Digilent Zed 210248A49B99"} -index 0
loadhw -hw D:/QEQC/ISA_3/hello/hello/hello.sdk/design_1_wrapper_hw_platform_0/system.hdf -mem-ranges [list {0x40000000 0xbfffffff}]
configparams force-mem-access 1
targets -set -nocase -filter {name =~"APU*" && jtag_cable_name =~ "Digilent Zed 210248A49B99"} -index 0
stop
ps7_init
ps7_post_config
targets -set -nocase -filter {name =~ "ARM*#0" && jtag_cable_name =~ "Digilent Zed 210248A49B99"} -index 0
rst -processor
targets -set -nocase -filter {name =~ "ARM*#0" && jtag_cable_name =~ "Digilent Zed 210248A49B99"} -index 0
dow D:/QEQC/ISA_3/hello/hello/hello.sdk/hello/Debug/hello.elf
configparams force-mem-access 0
----------------End of Script----------------

17:17:50 INFO  : Memory regions updated for context APU
17:17:51 INFO  : Context for processor 'ps7_cortexa9_0' is selected.
17:17:51 INFO  : 'con' command is executed.
17:17:51 INFO  : ----------------XSDB Script (After Launch)----------------
targets -set -nocase -filter {name =~ "ARM*#0" && jtag_cable_name =~ "Digilent Zed 210248A49B99"} -index 0
con
----------------End of Script----------------

17:17:51 INFO  : Launch script is exported to file 'D:\QEQC\ISA_3\hello\hello\hello.sdk\.sdk\launch_scripts\xilinx_c-c++_application_(system_debugger)\system_debugger_using_debug_hello.elf_on_local.tcl'
17:19:22 INFO  : Disconnected from the channel tcfchan#2.
17:19:23 INFO  : 'targets -set -filter {jtag_cable_name =~ "Digilent Zed 210248A49B99" && level==0} -index 1' command is executed.
17:19:23 INFO  : 'fpga -state' command is executed.
17:19:23 INFO  : Connected to target on host '127.0.0.1' and port '3121'.
17:19:23 INFO  : Jtag cable 'Digilent Zed 210248A49B99' is selected.
17:19:23 INFO  : 'jtag frequency' command is executed.
17:19:23 INFO  : Sourcing of 'D:/QEQC/ISA_3/hello/hello/hello.sdk/design_1_wrapper_hw_platform_0/ps7_init.tcl' is done.
17:19:23 INFO  : Context for 'APU' is selected.
17:19:24 INFO  : Hardware design information is loaded from 'D:/QEQC/ISA_3/hello/hello/hello.sdk/design_1_wrapper_hw_platform_0/system.hdf'.
17:19:24 INFO  : 'configparams force-mem-access 1' command is executed.
17:19:25 INFO  : Context for 'APU' is selected.
17:19:25 INFO  : 'stop' command is executed.
17:19:25 INFO  : 'ps7_init' command is executed.
17:19:25 INFO  : 'ps7_post_config' command is executed.
17:19:25 INFO  : Context for processor 'ps7_cortexa9_0' is selected.
17:19:25 INFO  : Processor reset is completed for 'ps7_cortexa9_0'.
17:19:25 INFO  : Context for processor 'ps7_cortexa9_0' is selected.
17:19:25 INFO  : The application 'D:/QEQC/ISA_3/hello/hello/hello.sdk/hello/Debug/hello.elf' is downloaded to processor 'ps7_cortexa9_0'.
17:19:25 INFO  : 'configparams force-mem-access 0' command is executed.
17:19:25 INFO  : ----------------XSDB Script----------------
connect -url tcp:127.0.0.1:3121
source D:/QEQC/ISA_3/hello/hello/hello.sdk/design_1_wrapper_hw_platform_0/ps7_init.tcl
targets -set -nocase -filter {name =~"APU*" && jtag_cable_name =~ "Digilent Zed 210248A49B99"} -index 0
loadhw -hw D:/QEQC/ISA_3/hello/hello/hello.sdk/design_1_wrapper_hw_platform_0/system.hdf -mem-ranges [list {0x40000000 0xbfffffff}]
configparams force-mem-access 1
targets -set -nocase -filter {name =~"APU*" && jtag_cable_name =~ "Digilent Zed 210248A49B99"} -index 0
stop
ps7_init
ps7_post_config
targets -set -nocase -filter {name =~ "ARM*#0" && jtag_cable_name =~ "Digilent Zed 210248A49B99"} -index 0
rst -processor
targets -set -nocase -filter {name =~ "ARM*#0" && jtag_cable_name =~ "Digilent Zed 210248A49B99"} -index 0
dow D:/QEQC/ISA_3/hello/hello/hello.sdk/hello/Debug/hello.elf
configparams force-mem-access 0
----------------End of Script----------------

17:19:25 INFO  : Memory regions updated for context APU
17:19:25 INFO  : Context for processor 'ps7_cortexa9_0' is selected.
17:19:25 INFO  : 'con' command is executed.
17:19:25 INFO  : ----------------XSDB Script (After Launch)----------------
targets -set -nocase -filter {name =~ "ARM*#0" && jtag_cable_name =~ "Digilent Zed 210248A49B99"} -index 0
con
----------------End of Script----------------

17:19:25 INFO  : Launch script is exported to file 'D:\QEQC\ISA_3\hello\hello\hello.sdk\.sdk\launch_scripts\xilinx_c-c++_application_(system_debugger)\system_debugger_using_debug_hello.elf_on_local.tcl'
17:20:54 INFO  : Disconnected from the channel tcfchan#3.
17:20:55 INFO  : 'targets -set -filter {jtag_cable_name =~ "Digilent Zed 210248A49B99" && level==0} -index 1' command is executed.
17:20:55 INFO  : 'fpga -state' command is executed.
17:20:55 INFO  : Connected to target on host '127.0.0.1' and port '3121'.
17:20:55 INFO  : Jtag cable 'Digilent Zed 210248A49B99' is selected.
17:20:55 INFO  : 'jtag frequency' command is executed.
17:20:55 INFO  : Sourcing of 'D:/QEQC/ISA_3/hello/hello/hello.sdk/design_1_wrapper_hw_platform_0/ps7_init.tcl' is done.
17:20:55 INFO  : Context for 'APU' is selected.
17:20:57 INFO  : Hardware design information is loaded from 'D:/QEQC/ISA_3/hello/hello/hello.sdk/design_1_wrapper_hw_platform_0/system.hdf'.
17:20:57 INFO  : 'configparams force-mem-access 1' command is executed.
17:20:57 INFO  : Context for 'APU' is selected.
17:20:57 INFO  : 'stop' command is executed.
17:20:57 INFO  : 'ps7_init' command is executed.
17:20:57 INFO  : 'ps7_post_config' command is executed.
17:20:57 INFO  : Context for processor 'ps7_cortexa9_0' is selected.
17:20:57 INFO  : Processor reset is completed for 'ps7_cortexa9_0'.
17:20:57 INFO  : Context for processor 'ps7_cortexa9_0' is selected.
17:20:58 INFO  : The application 'D:/QEQC/ISA_3/hello/hello/hello.sdk/hello/Debug/hello.elf' is downloaded to processor 'ps7_cortexa9_0'.
17:20:58 INFO  : 'configparams force-mem-access 0' command is executed.
17:20:58 INFO  : ----------------XSDB Script----------------
connect -url tcp:127.0.0.1:3121
source D:/QEQC/ISA_3/hello/hello/hello.sdk/design_1_wrapper_hw_platform_0/ps7_init.tcl
targets -set -nocase -filter {name =~"APU*" && jtag_cable_name =~ "Digilent Zed 210248A49B99"} -index 0
loadhw -hw D:/QEQC/ISA_3/hello/hello/hello.sdk/design_1_wrapper_hw_platform_0/system.hdf -mem-ranges [list {0x40000000 0xbfffffff}]
configparams force-mem-access 1
targets -set -nocase -filter {name =~"APU*" && jtag_cable_name =~ "Digilent Zed 210248A49B99"} -index 0
stop
ps7_init
ps7_post_config
targets -set -nocase -filter {name =~ "ARM*#0" && jtag_cable_name =~ "Digilent Zed 210248A49B99"} -index 0
rst -processor
targets -set -nocase -filter {name =~ "ARM*#0" && jtag_cable_name =~ "Digilent Zed 210248A49B99"} -index 0
dow D:/QEQC/ISA_3/hello/hello/hello.sdk/hello/Debug/hello.elf
configparams force-mem-access 0
----------------End of Script----------------

17:20:58 INFO  : Memory regions updated for context APU
17:20:58 INFO  : Context for processor 'ps7_cortexa9_0' is selected.
17:20:58 INFO  : 'con' command is executed.
17:20:58 INFO  : ----------------XSDB Script (After Launch)----------------
targets -set -nocase -filter {name =~ "ARM*#0" && jtag_cable_name =~ "Digilent Zed 210248A49B99"} -index 0
con
----------------End of Script----------------

17:20:58 INFO  : Launch script is exported to file 'D:\QEQC\ISA_3\hello\hello\hello.sdk\.sdk\launch_scripts\xilinx_c-c++_application_(system_debugger)\system_debugger_using_debug_hello.elf_on_local.tcl'
17:21:45 INFO  : Disconnected from the channel tcfchan#4.
17:21:46 INFO  : 'targets -set -filter {jtag_cable_name =~ "Digilent Zed 210248A49B99" && level==0} -index 1' command is executed.
17:21:46 INFO  : 'fpga -state' command is executed.
17:21:46 INFO  : Connected to target on host '127.0.0.1' and port '3121'.
17:21:47 INFO  : Jtag cable 'Digilent Zed 210248A49B99' is selected.
17:21:47 INFO  : 'jtag frequency' command is executed.
17:21:47 INFO  : Sourcing of 'D:/QEQC/ISA_3/hello/hello/hello.sdk/design_1_wrapper_hw_platform_0/ps7_init.tcl' is done.
17:21:47 INFO  : Context for 'APU' is selected.
17:21:49 INFO  : Hardware design information is loaded from 'D:/QEQC/ISA_3/hello/hello/hello.sdk/design_1_wrapper_hw_platform_0/system.hdf'.
17:21:49 INFO  : 'configparams force-mem-access 1' command is executed.
17:21:49 INFO  : Context for 'APU' is selected.
17:21:49 INFO  : 'stop' command is executed.
17:21:49 INFO  : 'ps7_init' command is executed.
17:21:49 INFO  : 'ps7_post_config' command is executed.
17:21:49 INFO  : Context for processor 'ps7_cortexa9_0' is selected.
17:21:49 INFO  : Processor reset is completed for 'ps7_cortexa9_0'.
17:21:49 INFO  : Context for processor 'ps7_cortexa9_0' is selected.
17:21:49 INFO  : The application 'D:/QEQC/ISA_3/hello/hello/hello.sdk/hello/Debug/hello.elf' is downloaded to processor 'ps7_cortexa9_0'.
17:21:49 INFO  : 'configparams force-mem-access 0' command is executed.
17:21:49 INFO  : ----------------XSDB Script----------------
connect -url tcp:127.0.0.1:3121
source D:/QEQC/ISA_3/hello/hello/hello.sdk/design_1_wrapper_hw_platform_0/ps7_init.tcl
targets -set -nocase -filter {name =~"APU*" && jtag_cable_name =~ "Digilent Zed 210248A49B99"} -index 0
loadhw -hw D:/QEQC/ISA_3/hello/hello/hello.sdk/design_1_wrapper_hw_platform_0/system.hdf -mem-ranges [list {0x40000000 0xbfffffff}]
configparams force-mem-access 1
targets -set -nocase -filter {name =~"APU*" && jtag_cable_name =~ "Digilent Zed 210248A49B99"} -index 0
stop
ps7_init
ps7_post_config
targets -set -nocase -filter {name =~ "ARM*#0" && jtag_cable_name =~ "Digilent Zed 210248A49B99"} -index 0
rst -processor
targets -set -nocase -filter {name =~ "ARM*#0" && jtag_cable_name =~ "Digilent Zed 210248A49B99"} -index 0
dow D:/QEQC/ISA_3/hello/hello/hello.sdk/hello/Debug/hello.elf
configparams force-mem-access 0
----------------End of Script----------------

17:21:49 INFO  : Memory regions updated for context APU
17:21:50 INFO  : Context for processor 'ps7_cortexa9_0' is selected.
17:21:50 INFO  : 'con' command is executed.
17:21:50 INFO  : ----------------XSDB Script (After Launch)----------------
targets -set -nocase -filter {name =~ "ARM*#0" && jtag_cable_name =~ "Digilent Zed 210248A49B99"} -index 0
con
----------------End of Script----------------

17:21:50 INFO  : Launch script is exported to file 'D:\QEQC\ISA_3\hello\hello\hello.sdk\.sdk\launch_scripts\xilinx_c-c++_application_(system_debugger)\system_debugger_using_debug_hello.elf_on_local.tcl'
17:31:33 INFO  : Disconnected from the channel tcfchan#5.
17:31:34 INFO  : 'targets -set -filter {jtag_cable_name =~ "Digilent Zed 210248A49B99" && level==0} -index 1' command is executed.
17:31:34 INFO  : 'fpga -state' command is executed.
17:31:34 INFO  : Connected to target on host '127.0.0.1' and port '3121'.
17:31:34 INFO  : Jtag cable 'Digilent Zed 210248A49B99' is selected.
17:31:34 INFO  : 'jtag frequency' command is executed.
17:31:34 INFO  : Sourcing of 'D:/QEQC/ISA_3/hello/hello/hello.sdk/design_1_wrapper_hw_platform_0/ps7_init.tcl' is done.
17:31:34 INFO  : Context for 'APU' is selected.
17:31:36 INFO  : Hardware design information is loaded from 'D:/QEQC/ISA_3/hello/hello/hello.sdk/design_1_wrapper_hw_platform_0/system.hdf'.
17:31:36 INFO  : 'configparams force-mem-access 1' command is executed.
17:31:36 INFO  : Context for 'APU' is selected.
17:31:36 INFO  : 'stop' command is executed.
17:31:37 INFO  : 'ps7_init' command is executed.
17:31:37 INFO  : 'ps7_post_config' command is executed.
17:31:37 INFO  : Context for processor 'ps7_cortexa9_0' is selected.
17:31:37 INFO  : Processor reset is completed for 'ps7_cortexa9_0'.
17:31:37 INFO  : Context for processor 'ps7_cortexa9_0' is selected.
17:31:37 INFO  : The application 'D:/QEQC/ISA_3/hello/hello/hello.sdk/hello/Debug/hello.elf' is downloaded to processor 'ps7_cortexa9_0'.
17:31:37 INFO  : 'configparams force-mem-access 0' command is executed.
17:31:37 INFO  : ----------------XSDB Script----------------
connect -url tcp:127.0.0.1:3121
source D:/QEQC/ISA_3/hello/hello/hello.sdk/design_1_wrapper_hw_platform_0/ps7_init.tcl
targets -set -nocase -filter {name =~"APU*" && jtag_cable_name =~ "Digilent Zed 210248A49B99"} -index 0
loadhw -hw D:/QEQC/ISA_3/hello/hello/hello.sdk/design_1_wrapper_hw_platform_0/system.hdf -mem-ranges [list {0x40000000 0xbfffffff}]
configparams force-mem-access 1
targets -set -nocase -filter {name =~"APU*" && jtag_cable_name =~ "Digilent Zed 210248A49B99"} -index 0
stop
ps7_init
ps7_post_config
targets -set -nocase -filter {name =~ "ARM*#0" && jtag_cable_name =~ "Digilent Zed 210248A49B99"} -index 0
rst -processor
targets -set -nocase -filter {name =~ "ARM*#0" && jtag_cable_name =~ "Digilent Zed 210248A49B99"} -index 0
dow D:/QEQC/ISA_3/hello/hello/hello.sdk/hello/Debug/hello.elf
configparams force-mem-access 0
----------------End of Script----------------

17:31:37 INFO  : Memory regions updated for context APU
17:31:37 INFO  : Context for processor 'ps7_cortexa9_0' is selected.
17:31:37 INFO  : 'con' command is executed.
17:31:37 INFO  : ----------------XSDB Script (After Launch)----------------
targets -set -nocase -filter {name =~ "ARM*#0" && jtag_cable_name =~ "Digilent Zed 210248A49B99"} -index 0
con
----------------End of Script----------------

17:31:37 INFO  : Launch script is exported to file 'D:\QEQC\ISA_3\hello\hello\hello.sdk\.sdk\launch_scripts\xilinx_c-c++_application_(system_debugger)\system_debugger_using_debug_hello.elf_on_local.tcl'
17:32:19 INFO  : Disconnected from the channel tcfchan#6.
17:32:20 INFO  : 'targets -set -filter {jtag_cable_name =~ "Digilent Zed 210248A49B99" && level==0} -index 1' command is executed.
17:32:20 INFO  : 'fpga -state' command is executed.
17:32:20 INFO  : Connected to target on host '127.0.0.1' and port '3121'.
17:32:20 INFO  : Jtag cable 'Digilent Zed 210248A49B99' is selected.
17:32:20 INFO  : 'jtag frequency' command is executed.
17:32:20 INFO  : Sourcing of 'D:/QEQC/ISA_3/hello/hello/hello.sdk/design_1_wrapper_hw_platform_0/ps7_init.tcl' is done.
17:32:20 INFO  : Context for 'APU' is selected.
17:32:22 INFO  : Hardware design information is loaded from 'D:/QEQC/ISA_3/hello/hello/hello.sdk/design_1_wrapper_hw_platform_0/system.hdf'.
17:32:22 INFO  : 'configparams force-mem-access 1' command is executed.
17:32:22 INFO  : Context for 'APU' is selected.
17:32:22 INFO  : 'stop' command is executed.
17:32:22 INFO  : 'ps7_init' command is executed.
17:32:22 INFO  : 'ps7_post_config' command is executed.
17:32:22 INFO  : Context for processor 'ps7_cortexa9_0' is selected.
17:32:22 INFO  : Processor reset is completed for 'ps7_cortexa9_0'.
17:32:22 INFO  : Context for processor 'ps7_cortexa9_0' is selected.
17:32:22 INFO  : The application 'D:/QEQC/ISA_3/hello/hello/hello.sdk/hello/Debug/hello.elf' is downloaded to processor 'ps7_cortexa9_0'.
17:32:23 INFO  : 'configparams force-mem-access 0' command is executed.
17:32:23 INFO  : ----------------XSDB Script----------------
connect -url tcp:127.0.0.1:3121
source D:/QEQC/ISA_3/hello/hello/hello.sdk/design_1_wrapper_hw_platform_0/ps7_init.tcl
targets -set -nocase -filter {name =~"APU*" && jtag_cable_name =~ "Digilent Zed 210248A49B99"} -index 0
loadhw -hw D:/QEQC/ISA_3/hello/hello/hello.sdk/design_1_wrapper_hw_platform_0/system.hdf -mem-ranges [list {0x40000000 0xbfffffff}]
configparams force-mem-access 1
targets -set -nocase -filter {name =~"APU*" && jtag_cable_name =~ "Digilent Zed 210248A49B99"} -index 0
stop
ps7_init
ps7_post_config
targets -set -nocase -filter {name =~ "ARM*#0" && jtag_cable_name =~ "Digilent Zed 210248A49B99"} -index 0
rst -processor
targets -set -nocase -filter {name =~ "ARM*#0" && jtag_cable_name =~ "Digilent Zed 210248A49B99"} -index 0
dow D:/QEQC/ISA_3/hello/hello/hello.sdk/hello/Debug/hello.elf
configparams force-mem-access 0
----------------End of Script----------------

17:32:23 INFO  : Memory regions updated for context APU
17:32:23 INFO  : Context for processor 'ps7_cortexa9_0' is selected.
17:32:23 INFO  : 'con' command is executed.
17:32:23 INFO  : ----------------XSDB Script (After Launch)----------------
targets -set -nocase -filter {name =~ "ARM*#0" && jtag_cable_name =~ "Digilent Zed 210248A49B99"} -index 0
con
----------------End of Script----------------

17:32:23 INFO  : Launch script is exported to file 'D:\QEQC\ISA_3\hello\hello\hello.sdk\.sdk\launch_scripts\xilinx_c-c++_application_(system_debugger)\system_debugger_using_debug_hello.elf_on_local.tcl'
17:37:01 INFO  : Disconnected from the channel tcfchan#7.
17:37:02 INFO  : 'targets -set -filter {jtag_cable_name =~ "Digilent Zed 210248A49B99" && level==0} -index 1' command is executed.
17:37:02 INFO  : 'fpga -state' command is executed.
17:37:02 INFO  : Connected to target on host '127.0.0.1' and port '3121'.
17:37:02 INFO  : Jtag cable 'Digilent Zed 210248A49B99' is selected.
17:37:02 INFO  : 'jtag frequency' command is executed.
17:37:02 INFO  : Sourcing of 'D:/QEQC/ISA_3/hello/hello/hello.sdk/design_1_wrapper_hw_platform_0/ps7_init.tcl' is done.
17:37:02 INFO  : Context for 'APU' is selected.
17:37:04 INFO  : Hardware design information is loaded from 'D:/QEQC/ISA_3/hello/hello/hello.sdk/design_1_wrapper_hw_platform_0/system.hdf'.
17:37:04 INFO  : 'configparams force-mem-access 1' command is executed.
17:37:04 INFO  : Context for 'APU' is selected.
17:37:04 INFO  : 'stop' command is executed.
17:37:04 INFO  : 'ps7_init' command is executed.
17:37:04 INFO  : 'ps7_post_config' command is executed.
17:37:04 INFO  : Context for processor 'ps7_cortexa9_0' is selected.
17:37:05 INFO  : Processor reset is completed for 'ps7_cortexa9_0'.
17:37:05 INFO  : Context for processor 'ps7_cortexa9_0' is selected.
17:37:05 INFO  : The application 'D:/QEQC/ISA_3/hello/hello/hello.sdk/hello/Debug/hello.elf' is downloaded to processor 'ps7_cortexa9_0'.
17:37:05 INFO  : 'configparams force-mem-access 0' command is executed.
17:37:05 INFO  : ----------------XSDB Script----------------
connect -url tcp:127.0.0.1:3121
source D:/QEQC/ISA_3/hello/hello/hello.sdk/design_1_wrapper_hw_platform_0/ps7_init.tcl
targets -set -nocase -filter {name =~"APU*" && jtag_cable_name =~ "Digilent Zed 210248A49B99"} -index 0
loadhw -hw D:/QEQC/ISA_3/hello/hello/hello.sdk/design_1_wrapper_hw_platform_0/system.hdf -mem-ranges [list {0x40000000 0xbfffffff}]
configparams force-mem-access 1
targets -set -nocase -filter {name =~"APU*" && jtag_cable_name =~ "Digilent Zed 210248A49B99"} -index 0
stop
ps7_init
ps7_post_config
targets -set -nocase -filter {name =~ "ARM*#0" && jtag_cable_name =~ "Digilent Zed 210248A49B99"} -index 0
rst -processor
targets -set -nocase -filter {name =~ "ARM*#0" && jtag_cable_name =~ "Digilent Zed 210248A49B99"} -index 0
dow D:/QEQC/ISA_3/hello/hello/hello.sdk/hello/Debug/hello.elf
configparams force-mem-access 0
----------------End of Script----------------

17:37:05 INFO  : Memory regions updated for context APU
17:37:05 INFO  : Context for processor 'ps7_cortexa9_0' is selected.
17:37:05 INFO  : 'con' command is executed.
17:37:05 INFO  : ----------------XSDB Script (After Launch)----------------
targets -set -nocase -filter {name =~ "ARM*#0" && jtag_cable_name =~ "Digilent Zed 210248A49B99"} -index 0
con
----------------End of Script----------------

17:37:05 INFO  : Launch script is exported to file 'D:\QEQC\ISA_3\hello\hello\hello.sdk\.sdk\launch_scripts\xilinx_c-c++_application_(system_debugger)\system_debugger_using_debug_hello.elf_on_local.tcl'
17:38:49 INFO  : Disconnected from the channel tcfchan#8.
17:38:50 INFO  : 'targets -set -filter {jtag_cable_name =~ "Digilent Zed 210248A49B99" && level==0} -index 1' command is executed.
17:38:50 INFO  : 'fpga -state' command is executed.
17:38:50 INFO  : Connected to target on host '127.0.0.1' and port '3121'.
17:38:50 INFO  : Jtag cable 'Digilent Zed 210248A49B99' is selected.
17:38:50 INFO  : 'jtag frequency' command is executed.
17:38:50 INFO  : Sourcing of 'D:/QEQC/ISA_3/hello/hello/hello.sdk/design_1_wrapper_hw_platform_0/ps7_init.tcl' is done.
17:38:50 INFO  : Context for 'APU' is selected.
17:38:52 INFO  : Hardware design information is loaded from 'D:/QEQC/ISA_3/hello/hello/hello.sdk/design_1_wrapper_hw_platform_0/system.hdf'.
17:38:52 INFO  : 'configparams force-mem-access 1' command is executed.
17:38:52 INFO  : Context for 'APU' is selected.
17:38:52 INFO  : 'stop' command is executed.
17:38:52 INFO  : 'ps7_init' command is executed.
17:38:52 INFO  : 'ps7_post_config' command is executed.
17:38:52 INFO  : Context for processor 'ps7_cortexa9_0' is selected.
17:38:52 INFO  : Processor reset is completed for 'ps7_cortexa9_0'.
17:38:52 INFO  : Context for processor 'ps7_cortexa9_0' is selected.
17:38:53 INFO  : The application 'D:/QEQC/ISA_3/hello/hello/hello.sdk/hello/Debug/hello.elf' is downloaded to processor 'ps7_cortexa9_0'.
17:38:53 INFO  : 'configparams force-mem-access 0' command is executed.
17:38:53 INFO  : ----------------XSDB Script----------------
connect -url tcp:127.0.0.1:3121
source D:/QEQC/ISA_3/hello/hello/hello.sdk/design_1_wrapper_hw_platform_0/ps7_init.tcl
targets -set -nocase -filter {name =~"APU*" && jtag_cable_name =~ "Digilent Zed 210248A49B99"} -index 0
loadhw -hw D:/QEQC/ISA_3/hello/hello/hello.sdk/design_1_wrapper_hw_platform_0/system.hdf -mem-ranges [list {0x40000000 0xbfffffff}]
configparams force-mem-access 1
targets -set -nocase -filter {name =~"APU*" && jtag_cable_name =~ "Digilent Zed 210248A49B99"} -index 0
stop
ps7_init
ps7_post_config
targets -set -nocase -filter {name =~ "ARM*#0" && jtag_cable_name =~ "Digilent Zed 210248A49B99"} -index 0
rst -processor
targets -set -nocase -filter {name =~ "ARM*#0" && jtag_cable_name =~ "Digilent Zed 210248A49B99"} -index 0
dow D:/QEQC/ISA_3/hello/hello/hello.sdk/hello/Debug/hello.elf
configparams force-mem-access 0
----------------End of Script----------------

17:38:53 INFO  : Memory regions updated for context APU
17:38:53 INFO  : Context for processor 'ps7_cortexa9_0' is selected.
17:38:53 INFO  : 'con' command is executed.
17:38:53 INFO  : ----------------XSDB Script (After Launch)----------------
targets -set -nocase -filter {name =~ "ARM*#0" && jtag_cable_name =~ "Digilent Zed 210248A49B99"} -index 0
con
----------------End of Script----------------

17:38:53 INFO  : Launch script is exported to file 'D:\QEQC\ISA_3\hello\hello\hello.sdk\.sdk\launch_scripts\xilinx_c-c++_application_(system_debugger)\system_debugger_using_debug_hello.elf_on_local.tcl'
17:39:59 INFO  : Disconnected from the channel tcfchan#9.
17:40:00 INFO  : 'targets -set -filter {jtag_cable_name =~ "Digilent Zed 210248A49B99" && level==0} -index 1' command is executed.
17:40:01 INFO  : 'fpga -state' command is executed.
17:40:01 INFO  : Connected to target on host '127.0.0.1' and port '3121'.
17:40:01 INFO  : Jtag cable 'Digilent Zed 210248A49B99' is selected.
17:40:01 INFO  : 'jtag frequency' command is executed.
17:40:01 INFO  : Sourcing of 'D:/QEQC/ISA_3/hello/hello/hello.sdk/design_1_wrapper_hw_platform_0/ps7_init.tcl' is done.
17:40:01 INFO  : Context for 'APU' is selected.
17:40:03 INFO  : Hardware design information is loaded from 'D:/QEQC/ISA_3/hello/hello/hello.sdk/design_1_wrapper_hw_platform_0/system.hdf'.
17:40:03 INFO  : 'configparams force-mem-access 1' command is executed.
17:40:03 INFO  : Context for 'APU' is selected.
17:40:03 INFO  : 'stop' command is executed.
17:40:03 INFO  : 'ps7_init' command is executed.
17:40:03 INFO  : 'ps7_post_config' command is executed.
17:40:03 INFO  : Context for processor 'ps7_cortexa9_0' is selected.
17:40:03 INFO  : Processor reset is completed for 'ps7_cortexa9_0'.
17:40:03 INFO  : Context for processor 'ps7_cortexa9_0' is selected.
17:40:04 INFO  : The application 'D:/QEQC/ISA_3/hello/hello/hello.sdk/hello/Debug/hello.elf' is downloaded to processor 'ps7_cortexa9_0'.
17:40:04 INFO  : 'configparams force-mem-access 0' command is executed.
17:40:04 INFO  : ----------------XSDB Script----------------
connect -url tcp:127.0.0.1:3121
source D:/QEQC/ISA_3/hello/hello/hello.sdk/design_1_wrapper_hw_platform_0/ps7_init.tcl
targets -set -nocase -filter {name =~"APU*" && jtag_cable_name =~ "Digilent Zed 210248A49B99"} -index 0
loadhw -hw D:/QEQC/ISA_3/hello/hello/hello.sdk/design_1_wrapper_hw_platform_0/system.hdf -mem-ranges [list {0x40000000 0xbfffffff}]
configparams force-mem-access 1
targets -set -nocase -filter {name =~"APU*" && jtag_cable_name =~ "Digilent Zed 210248A49B99"} -index 0
stop
ps7_init
ps7_post_config
targets -set -nocase -filter {name =~ "ARM*#0" && jtag_cable_name =~ "Digilent Zed 210248A49B99"} -index 0
rst -processor
targets -set -nocase -filter {name =~ "ARM*#0" && jtag_cable_name =~ "Digilent Zed 210248A49B99"} -index 0
dow D:/QEQC/ISA_3/hello/hello/hello.sdk/hello/Debug/hello.elf
configparams force-mem-access 0
----------------End of Script----------------

17:40:04 INFO  : Memory regions updated for context APU
17:40:04 INFO  : Context for processor 'ps7_cortexa9_0' is selected.
17:40:04 INFO  : 'con' command is executed.
17:40:04 INFO  : ----------------XSDB Script (After Launch)----------------
targets -set -nocase -filter {name =~ "ARM*#0" && jtag_cable_name =~ "Digilent Zed 210248A49B99"} -index 0
con
----------------End of Script----------------

17:40:04 INFO  : Launch script is exported to file 'D:\QEQC\ISA_3\hello\hello\hello.sdk\.sdk\launch_scripts\xilinx_c-c++_application_(system_debugger)\system_debugger_using_debug_hello.elf_on_local.tcl'
17:43:01 INFO  : Disconnected from the channel tcfchan#10.
17:43:02 INFO  : 'targets -set -filter {jtag_cable_name =~ "Digilent Zed 210248A49B99" && level==0} -index 1' command is executed.
17:43:02 INFO  : 'fpga -state' command is executed.
17:43:03 INFO  : Connected to target on host '127.0.0.1' and port '3121'.
17:43:04 INFO  : Jtag cable 'Digilent Zed 210248A49B99' is selected.
17:43:04 INFO  : 'jtag frequency' command is executed.
17:43:04 INFO  : Sourcing of 'D:/QEQC/ISA_3/hello/hello/hello.sdk/design_1_wrapper_hw_platform_0/ps7_init.tcl' is done.
17:43:04 INFO  : Context for 'APU' is selected.
17:43:06 INFO  : Hardware design information is loaded from 'D:/QEQC/ISA_3/hello/hello/hello.sdk/design_1_wrapper_hw_platform_0/system.hdf'.
17:43:06 INFO  : 'configparams force-mem-access 1' command is executed.
17:43:06 INFO  : Context for 'APU' is selected.
17:43:06 INFO  : 'stop' command is executed.
17:43:06 INFO  : 'ps7_init' command is executed.
17:43:06 INFO  : 'ps7_post_config' command is executed.
17:43:06 INFO  : Context for processor 'ps7_cortexa9_0' is selected.
17:43:06 INFO  : Processor reset is completed for 'ps7_cortexa9_0'.
17:43:06 INFO  : Context for processor 'ps7_cortexa9_0' is selected.
17:43:06 INFO  : The application 'D:/QEQC/ISA_3/hello/hello/hello.sdk/hello/Debug/hello.elf' is downloaded to processor 'ps7_cortexa9_0'.
17:43:06 INFO  : 'configparams force-mem-access 0' command is executed.
17:43:06 INFO  : ----------------XSDB Script----------------
connect -url tcp:127.0.0.1:3121
source D:/QEQC/ISA_3/hello/hello/hello.sdk/design_1_wrapper_hw_platform_0/ps7_init.tcl
targets -set -nocase -filter {name =~"APU*" && jtag_cable_name =~ "Digilent Zed 210248A49B99"} -index 0
loadhw -hw D:/QEQC/ISA_3/hello/hello/hello.sdk/design_1_wrapper_hw_platform_0/system.hdf -mem-ranges [list {0x40000000 0xbfffffff}]
configparams force-mem-access 1
targets -set -nocase -filter {name =~"APU*" && jtag_cable_name =~ "Digilent Zed 210248A49B99"} -index 0
stop
ps7_init
ps7_post_config
targets -set -nocase -filter {name =~ "ARM*#0" && jtag_cable_name =~ "Digilent Zed 210248A49B99"} -index 0
rst -processor
targets -set -nocase -filter {name =~ "ARM*#0" && jtag_cable_name =~ "Digilent Zed 210248A49B99"} -index 0
dow D:/QEQC/ISA_3/hello/hello/hello.sdk/hello/Debug/hello.elf
configparams force-mem-access 0
----------------End of Script----------------

17:43:06 INFO  : Memory regions updated for context APU
17:43:06 INFO  : Context for processor 'ps7_cortexa9_0' is selected.
17:43:07 INFO  : 'con' command is executed.
17:43:07 INFO  : ----------------XSDB Script (After Launch)----------------
targets -set -nocase -filter {name =~ "ARM*#0" && jtag_cable_name =~ "Digilent Zed 210248A49B99"} -index 0
con
----------------End of Script----------------

17:43:07 INFO  : Launch script is exported to file 'D:\QEQC\ISA_3\hello\hello\hello.sdk\.sdk\launch_scripts\xilinx_c-c++_application_(system_debugger)\system_debugger_using_debug_hello.elf_on_local.tcl'
17:44:02 INFO  : Disconnected from the channel tcfchan#11.
17:44:03 INFO  : 'targets -set -filter {jtag_cable_name =~ "Digilent Zed 210248A49B99" && level==0} -index 1' command is executed.
17:44:03 INFO  : 'fpga -state' command is executed.
17:44:05 INFO  : Connected to target on host '127.0.0.1' and port '3121'.
17:44:05 INFO  : Jtag cable 'Digilent Zed 210248A49B99' is selected.
17:44:05 INFO  : 'jtag frequency' command is executed.
17:44:05 INFO  : Sourcing of 'D:/QEQC/ISA_3/hello/hello/hello.sdk/design_1_wrapper_hw_platform_0/ps7_init.tcl' is done.
17:44:05 INFO  : Context for 'APU' is selected.
17:44:07 INFO  : Hardware design information is loaded from 'D:/QEQC/ISA_3/hello/hello/hello.sdk/design_1_wrapper_hw_platform_0/system.hdf'.
17:44:07 INFO  : 'configparams force-mem-access 1' command is executed.
17:44:07 INFO  : Context for 'APU' is selected.
17:44:07 INFO  : 'stop' command is executed.
17:44:07 INFO  : 'ps7_init' command is executed.
17:44:07 INFO  : 'ps7_post_config' command is executed.
17:44:07 INFO  : Context for processor 'ps7_cortexa9_0' is selected.
17:44:07 INFO  : Processor reset is completed for 'ps7_cortexa9_0'.
17:44:07 INFO  : Context for processor 'ps7_cortexa9_0' is selected.
17:44:07 INFO  : The application 'D:/QEQC/ISA_3/hello/hello/hello.sdk/hello/Debug/hello.elf' is downloaded to processor 'ps7_cortexa9_0'.
17:44:07 INFO  : 'configparams force-mem-access 0' command is executed.
17:44:07 INFO  : ----------------XSDB Script----------------
connect -url tcp:127.0.0.1:3121
source D:/QEQC/ISA_3/hello/hello/hello.sdk/design_1_wrapper_hw_platform_0/ps7_init.tcl
targets -set -nocase -filter {name =~"APU*" && jtag_cable_name =~ "Digilent Zed 210248A49B99"} -index 0
loadhw -hw D:/QEQC/ISA_3/hello/hello/hello.sdk/design_1_wrapper_hw_platform_0/system.hdf -mem-ranges [list {0x40000000 0xbfffffff}]
configparams force-mem-access 1
targets -set -nocase -filter {name =~"APU*" && jtag_cable_name =~ "Digilent Zed 210248A49B99"} -index 0
stop
ps7_init
ps7_post_config
targets -set -nocase -filter {name =~ "ARM*#0" && jtag_cable_name =~ "Digilent Zed 210248A49B99"} -index 0
rst -processor
targets -set -nocase -filter {name =~ "ARM*#0" && jtag_cable_name =~ "Digilent Zed 210248A49B99"} -index 0
dow D:/QEQC/ISA_3/hello/hello/hello.sdk/hello/Debug/hello.elf
configparams force-mem-access 0
----------------End of Script----------------

17:44:07 INFO  : Memory regions updated for context APU
17:44:08 INFO  : Context for processor 'ps7_cortexa9_0' is selected.
17:44:08 INFO  : 'con' command is executed.
17:44:08 INFO  : ----------------XSDB Script (After Launch)----------------
targets -set -nocase -filter {name =~ "ARM*#0" && jtag_cable_name =~ "Digilent Zed 210248A49B99"} -index 0
con
----------------End of Script----------------

17:44:08 INFO  : Launch script is exported to file 'D:\QEQC\ISA_3\hello\hello\hello.sdk\.sdk\launch_scripts\xilinx_c-c++_application_(system_debugger)\system_debugger_using_debug_hello.elf_on_local.tcl'
17:44:30 INFO  : Disconnected from the channel tcfchan#12.
17:44:31 INFO  : 'targets -set -filter {jtag_cable_name =~ "Digilent Zed 210248A49B99" && level==0} -index 1' command is executed.
17:44:31 INFO  : 'fpga -state' command is executed.
17:44:32 INFO  : Connected to target on host '127.0.0.1' and port '3121'.
17:44:32 INFO  : Jtag cable 'Digilent Zed 210248A49B99' is selected.
17:44:32 INFO  : 'jtag frequency' command is executed.
17:44:32 INFO  : Sourcing of 'D:/QEQC/ISA_3/hello/hello/hello.sdk/design_1_wrapper_hw_platform_0/ps7_init.tcl' is done.
17:44:32 INFO  : Context for 'APU' is selected.
17:44:34 INFO  : Hardware design information is loaded from 'D:/QEQC/ISA_3/hello/hello/hello.sdk/design_1_wrapper_hw_platform_0/system.hdf'.
17:44:34 INFO  : 'configparams force-mem-access 1' command is executed.
17:44:34 INFO  : Context for 'APU' is selected.
17:44:34 INFO  : 'stop' command is executed.
17:44:36 INFO  : 'ps7_init' command is executed.
17:44:36 INFO  : 'ps7_post_config' command is executed.
17:44:36 INFO  : Context for processor 'ps7_cortexa9_0' is selected.
17:44:36 INFO  : Processor reset is completed for 'ps7_cortexa9_0'.
17:44:36 INFO  : Context for processor 'ps7_cortexa9_0' is selected.
17:44:38 ERROR : Memory write error at 0x100000. APB AP transaction error, DAP status f0000021
17:44:38 INFO  : ----------------XSDB Script----------------
connect -url tcp:127.0.0.1:3121
source D:/QEQC/ISA_3/hello/hello/hello.sdk/design_1_wrapper_hw_platform_0/ps7_init.tcl
targets -set -nocase -filter {name =~"APU*" && jtag_cable_name =~ "Digilent Zed 210248A49B99"} -index 0
loadhw -hw D:/QEQC/ISA_3/hello/hello/hello.sdk/design_1_wrapper_hw_platform_0/system.hdf -mem-ranges [list {0x40000000 0xbfffffff}]
configparams force-mem-access 1
targets -set -nocase -filter {name =~"APU*" && jtag_cable_name =~ "Digilent Zed 210248A49B99"} -index 0
stop
ps7_init
ps7_post_config
targets -set -nocase -filter {name =~ "ARM*#0" && jtag_cable_name =~ "Digilent Zed 210248A49B99"} -index 0
rst -processor
targets -set -nocase -filter {name =~ "ARM*#0" && jtag_cable_name =~ "Digilent Zed 210248A49B99"} -index 0
dow D:/QEQC/ISA_3/hello/hello/hello.sdk/hello/Debug/hello.elf
----------------End of Script----------------

17:44:45 INFO  : Connected to target on host '127.0.0.1' and port '3121'.
17:44:45 INFO  : 'targets -set -filter {jtag_cable_name =~ "Digilent Zed 210248A49B99" && level==0} -index 1' command is executed.
17:44:47 ERROR : Error occured during Prog B register check
17:45:03 INFO  : Connected to target on host '127.0.0.1' and port '3121'.
17:45:03 INFO  : 'targets -set -filter {jtag_cable_name =~ "Digilent Zed 210248A49B99" && level==0} -index 1' command is executed.
17:45:05 INFO  : FPGA configured successfully with bitstream "D:/QEQC/ISA_3/hello/hello/hello.sdk/design_1_wrapper_hw_platform_0/design_1_wrapper.bit"
17:45:19 INFO  : 'targets -set -filter {jtag_cable_name =~ "Digilent Zed 210248A49B99" && level==0} -index 1' command is executed.
17:45:19 INFO  : 'fpga -state' command is executed.
17:45:19 INFO  : Connected to target on host '127.0.0.1' and port '3121'.
17:45:19 INFO  : Jtag cable 'Digilent Zed 210248A49B99' is selected.
17:45:19 INFO  : 'jtag frequency' command is executed.
17:45:19 INFO  : Sourcing of 'D:/QEQC/ISA_3/hello/hello/hello.sdk/design_1_wrapper_hw_platform_0/ps7_init.tcl' is done.
17:45:19 INFO  : Context for 'APU' is selected.
17:45:19 INFO  : Hardware design information is loaded from 'D:/QEQC/ISA_3/hello/hello/hello.sdk/design_1_wrapper_hw_platform_0/system.hdf'.
17:45:19 INFO  : 'configparams force-mem-access 1' command is executed.
17:45:20 INFO  : Context for 'APU' is selected.
17:45:20 INFO  : 'stop' command is executed.
17:45:20 INFO  : 'ps7_init' command is executed.
17:45:20 INFO  : 'ps7_post_config' command is executed.
17:45:20 INFO  : Context for processor 'ps7_cortexa9_0' is selected.
17:45:20 INFO  : Processor reset is completed for 'ps7_cortexa9_0'.
17:45:20 INFO  : Context for processor 'ps7_cortexa9_0' is selected.
17:45:20 INFO  : The application 'D:/QEQC/ISA_3/hello/hello/hello.sdk/hello/Debug/hello.elf' is downloaded to processor 'ps7_cortexa9_0'.
17:45:20 INFO  : 'configparams force-mem-access 0' command is executed.
17:45:20 INFO  : ----------------XSDB Script----------------
connect -url tcp:127.0.0.1:3121
source D:/QEQC/ISA_3/hello/hello/hello.sdk/design_1_wrapper_hw_platform_0/ps7_init.tcl
targets -set -nocase -filter {name =~"APU*" && jtag_cable_name =~ "Digilent Zed 210248A49B99"} -index 0
loadhw -hw D:/QEQC/ISA_3/hello/hello/hello.sdk/design_1_wrapper_hw_platform_0/system.hdf -mem-ranges [list {0x40000000 0xbfffffff}]
configparams force-mem-access 1
targets -set -nocase -filter {name =~"APU*" && jtag_cable_name =~ "Digilent Zed 210248A49B99"} -index 0
stop
ps7_init
ps7_post_config
targets -set -nocase -filter {name =~ "ARM*#0" && jtag_cable_name =~ "Digilent Zed 210248A49B99"} -index 0
rst -processor
targets -set -nocase -filter {name =~ "ARM*#0" && jtag_cable_name =~ "Digilent Zed 210248A49B99"} -index 0
dow D:/QEQC/ISA_3/hello/hello/hello.sdk/hello/Debug/hello.elf
configparams force-mem-access 0
----------------End of Script----------------

17:45:20 INFO  : Memory regions updated for context APU
17:45:21 INFO  : Context for processor 'ps7_cortexa9_0' is selected.
17:45:21 INFO  : 'con' command is executed.
17:45:21 INFO  : ----------------XSDB Script (After Launch)----------------
targets -set -nocase -filter {name =~ "ARM*#0" && jtag_cable_name =~ "Digilent Zed 210248A49B99"} -index 0
con
----------------End of Script----------------

17:45:21 INFO  : Launch script is exported to file 'D:\QEQC\ISA_3\hello\hello\hello.sdk\.sdk\launch_scripts\xilinx_c-c++_application_(system_debugger)\system_debugger_using_debug_hello.elf_on_local.tcl'
17:49:57 INFO  : Disconnected from the channel tcfchan#13.
17:49:58 INFO  : 'targets -set -filter {jtag_cable_name =~ "Digilent Zed 210248A49B99" && level==0} -index 1' command is executed.
17:49:58 INFO  : 'fpga -state' command is executed.
17:49:58 INFO  : Connected to target on host '127.0.0.1' and port '3121'.
17:49:58 INFO  : Jtag cable 'Digilent Zed 210248A49B99' is selected.
17:49:58 INFO  : 'jtag frequency' command is executed.
17:49:58 INFO  : Sourcing of 'D:/QEQC/ISA_3/hello/hello/hello.sdk/design_1_wrapper_hw_platform_0/ps7_init.tcl' is done.
17:49:58 INFO  : Context for 'APU' is selected.
17:50:00 INFO  : Hardware design information is loaded from 'D:/QEQC/ISA_3/hello/hello/hello.sdk/design_1_wrapper_hw_platform_0/system.hdf'.
17:50:00 INFO  : 'configparams force-mem-access 1' command is executed.
17:50:00 INFO  : Context for 'APU' is selected.
17:50:00 INFO  : 'stop' command is executed.
17:50:01 INFO  : 'ps7_init' command is executed.
17:50:01 INFO  : 'ps7_post_config' command is executed.
17:50:01 INFO  : Context for processor 'ps7_cortexa9_0' is selected.
17:50:01 INFO  : Processor reset is completed for 'ps7_cortexa9_0'.
17:50:01 INFO  : Context for processor 'ps7_cortexa9_0' is selected.
17:50:01 INFO  : The application 'D:/QEQC/ISA_3/hello/hello/hello.sdk/hello/Debug/hello.elf' is downloaded to processor 'ps7_cortexa9_0'.
17:50:01 INFO  : 'configparams force-mem-access 0' command is executed.
17:50:01 INFO  : ----------------XSDB Script----------------
connect -url tcp:127.0.0.1:3121
source D:/QEQC/ISA_3/hello/hello/hello.sdk/design_1_wrapper_hw_platform_0/ps7_init.tcl
targets -set -nocase -filter {name =~"APU*" && jtag_cable_name =~ "Digilent Zed 210248A49B99"} -index 0
loadhw -hw D:/QEQC/ISA_3/hello/hello/hello.sdk/design_1_wrapper_hw_platform_0/system.hdf -mem-ranges [list {0x40000000 0xbfffffff}]
configparams force-mem-access 1
targets -set -nocase -filter {name =~"APU*" && jtag_cable_name =~ "Digilent Zed 210248A49B99"} -index 0
stop
ps7_init
ps7_post_config
targets -set -nocase -filter {name =~ "ARM*#0" && jtag_cable_name =~ "Digilent Zed 210248A49B99"} -index 0
rst -processor
targets -set -nocase -filter {name =~ "ARM*#0" && jtag_cable_name =~ "Digilent Zed 210248A49B99"} -index 0
dow D:/QEQC/ISA_3/hello/hello/hello.sdk/hello/Debug/hello.elf
configparams force-mem-access 0
----------------End of Script----------------

17:50:01 INFO  : Memory regions updated for context APU
17:50:01 INFO  : Context for processor 'ps7_cortexa9_0' is selected.
17:50:01 INFO  : 'con' command is executed.
17:50:01 INFO  : ----------------XSDB Script (After Launch)----------------
targets -set -nocase -filter {name =~ "ARM*#0" && jtag_cable_name =~ "Digilent Zed 210248A49B99"} -index 0
con
----------------End of Script----------------

17:50:01 INFO  : Launch script is exported to file 'D:\QEQC\ISA_3\hello\hello\hello.sdk\.sdk\launch_scripts\xilinx_c-c++_application_(system_debugger)\system_debugger_using_debug_hello.elf_on_local.tcl'
17:50:56 INFO  : Disconnected from the channel tcfchan#14.
17:50:57 INFO  : 'targets -set -filter {jtag_cable_name =~ "Digilent Zed 210248A49B99" && level==0} -index 1' command is executed.
17:50:57 INFO  : 'fpga -state' command is executed.
17:50:57 INFO  : Connected to target on host '127.0.0.1' and port '3121'.
17:50:57 INFO  : Jtag cable 'Digilent Zed 210248A49B99' is selected.
17:50:57 INFO  : 'jtag frequency' command is executed.
17:50:57 INFO  : Sourcing of 'D:/QEQC/ISA_3/hello/hello/hello.sdk/design_1_wrapper_hw_platform_0/ps7_init.tcl' is done.
17:50:57 INFO  : Context for 'APU' is selected.
17:50:59 INFO  : Hardware design information is loaded from 'D:/QEQC/ISA_3/hello/hello/hello.sdk/design_1_wrapper_hw_platform_0/system.hdf'.
17:50:59 INFO  : 'configparams force-mem-access 1' command is executed.
17:50:59 INFO  : Context for 'APU' is selected.
17:50:59 INFO  : 'stop' command is executed.
17:50:59 INFO  : 'ps7_init' command is executed.
17:50:59 INFO  : 'ps7_post_config' command is executed.
17:50:59 INFO  : Context for processor 'ps7_cortexa9_0' is selected.
17:50:59 INFO  : Processor reset is completed for 'ps7_cortexa9_0'.
17:50:59 INFO  : Context for processor 'ps7_cortexa9_0' is selected.
17:51:00 INFO  : The application 'D:/QEQC/ISA_3/hello/hello/hello.sdk/hello/Debug/hello.elf' is downloaded to processor 'ps7_cortexa9_0'.
17:51:00 INFO  : 'configparams force-mem-access 0' command is executed.
17:51:00 INFO  : ----------------XSDB Script----------------
connect -url tcp:127.0.0.1:3121
source D:/QEQC/ISA_3/hello/hello/hello.sdk/design_1_wrapper_hw_platform_0/ps7_init.tcl
targets -set -nocase -filter {name =~"APU*" && jtag_cable_name =~ "Digilent Zed 210248A49B99"} -index 0
loadhw -hw D:/QEQC/ISA_3/hello/hello/hello.sdk/design_1_wrapper_hw_platform_0/system.hdf -mem-ranges [list {0x40000000 0xbfffffff}]
configparams force-mem-access 1
targets -set -nocase -filter {name =~"APU*" && jtag_cable_name =~ "Digilent Zed 210248A49B99"} -index 0
stop
ps7_init
ps7_post_config
targets -set -nocase -filter {name =~ "ARM*#0" && jtag_cable_name =~ "Digilent Zed 210248A49B99"} -index 0
rst -processor
targets -set -nocase -filter {name =~ "ARM*#0" && jtag_cable_name =~ "Digilent Zed 210248A49B99"} -index 0
dow D:/QEQC/ISA_3/hello/hello/hello.sdk/hello/Debug/hello.elf
configparams force-mem-access 0
----------------End of Script----------------

17:51:00 INFO  : Memory regions updated for context APU
17:51:00 INFO  : Context for processor 'ps7_cortexa9_0' is selected.
17:51:00 INFO  : 'con' command is executed.
17:51:00 INFO  : ----------------XSDB Script (After Launch)----------------
targets -set -nocase -filter {name =~ "ARM*#0" && jtag_cable_name =~ "Digilent Zed 210248A49B99"} -index 0
con
----------------End of Script----------------

17:51:00 INFO  : Launch script is exported to file 'D:\QEQC\ISA_3\hello\hello\hello.sdk\.sdk\launch_scripts\xilinx_c-c++_application_(system_debugger)\system_debugger_using_debug_hello.elf_on_local.tcl'
17:51:45 INFO  : Disconnected from the channel tcfchan#15.
17:51:46 INFO  : 'targets -set -filter {jtag_cable_name =~ "Digilent Zed 210248A49B99" && level==0} -index 1' command is executed.
17:51:46 INFO  : 'fpga -state' command is executed.
17:51:46 INFO  : Connected to target on host '127.0.0.1' and port '3121'.
17:51:46 INFO  : Jtag cable 'Digilent Zed 210248A49B99' is selected.
17:51:46 INFO  : 'jtag frequency' command is executed.
17:51:46 INFO  : Sourcing of 'D:/QEQC/ISA_3/hello/hello/hello.sdk/design_1_wrapper_hw_platform_0/ps7_init.tcl' is done.
17:51:46 INFO  : Context for 'APU' is selected.
17:51:48 INFO  : Hardware design information is loaded from 'D:/QEQC/ISA_3/hello/hello/hello.sdk/design_1_wrapper_hw_platform_0/system.hdf'.
17:51:48 INFO  : 'configparams force-mem-access 1' command is executed.
17:51:48 INFO  : Context for 'APU' is selected.
17:51:48 INFO  : 'stop' command is executed.
17:51:49 INFO  : 'ps7_init' command is executed.
17:51:49 INFO  : 'ps7_post_config' command is executed.
17:51:49 INFO  : Context for processor 'ps7_cortexa9_0' is selected.
17:51:49 INFO  : Processor reset is completed for 'ps7_cortexa9_0'.
17:51:49 INFO  : Context for processor 'ps7_cortexa9_0' is selected.
17:51:49 INFO  : The application 'D:/QEQC/ISA_3/hello/hello/hello.sdk/hello/Debug/hello.elf' is downloaded to processor 'ps7_cortexa9_0'.
17:51:49 INFO  : 'configparams force-mem-access 0' command is executed.
17:51:49 INFO  : ----------------XSDB Script----------------
connect -url tcp:127.0.0.1:3121
source D:/QEQC/ISA_3/hello/hello/hello.sdk/design_1_wrapper_hw_platform_0/ps7_init.tcl
targets -set -nocase -filter {name =~"APU*" && jtag_cable_name =~ "Digilent Zed 210248A49B99"} -index 0
loadhw -hw D:/QEQC/ISA_3/hello/hello/hello.sdk/design_1_wrapper_hw_platform_0/system.hdf -mem-ranges [list {0x40000000 0xbfffffff}]
configparams force-mem-access 1
targets -set -nocase -filter {name =~"APU*" && jtag_cable_name =~ "Digilent Zed 210248A49B99"} -index 0
stop
ps7_init
ps7_post_config
targets -set -nocase -filter {name =~ "ARM*#0" && jtag_cable_name =~ "Digilent Zed 210248A49B99"} -index 0
rst -processor
targets -set -nocase -filter {name =~ "ARM*#0" && jtag_cable_name =~ "Digilent Zed 210248A49B99"} -index 0
dow D:/QEQC/ISA_3/hello/hello/hello.sdk/hello/Debug/hello.elf
configparams force-mem-access 0
----------------End of Script----------------

17:51:49 INFO  : Memory regions updated for context APU
17:51:49 INFO  : Context for processor 'ps7_cortexa9_0' is selected.
17:51:49 INFO  : 'con' command is executed.
17:51:49 INFO  : ----------------XSDB Script (After Launch)----------------
targets -set -nocase -filter {name =~ "ARM*#0" && jtag_cable_name =~ "Digilent Zed 210248A49B99"} -index 0
con
----------------End of Script----------------

17:51:49 INFO  : Launch script is exported to file 'D:\QEQC\ISA_3\hello\hello\hello.sdk\.sdk\launch_scripts\xilinx_c-c++_application_(system_debugger)\system_debugger_using_debug_hello.elf_on_local.tcl'
17:53:46 INFO  : Disconnected from the channel tcfchan#16.
17:53:47 INFO  : 'targets -set -filter {jtag_cable_name =~ "Digilent Zed 210248A49B99" && level==0} -index 1' command is executed.
17:53:47 INFO  : 'fpga -state' command is executed.
17:53:47 INFO  : Connected to target on host '127.0.0.1' and port '3121'.
17:53:47 INFO  : Jtag cable 'Digilent Zed 210248A49B99' is selected.
17:53:47 INFO  : 'jtag frequency' command is executed.
17:53:47 INFO  : Sourcing of 'D:/QEQC/ISA_3/hello/hello/hello.sdk/design_1_wrapper_hw_platform_0/ps7_init.tcl' is done.
17:53:47 INFO  : Context for 'APU' is selected.
17:53:49 INFO  : Hardware design information is loaded from 'D:/QEQC/ISA_3/hello/hello/hello.sdk/design_1_wrapper_hw_platform_0/system.hdf'.
17:53:49 INFO  : 'configparams force-mem-access 1' command is executed.
17:53:49 INFO  : Context for 'APU' is selected.
17:53:49 INFO  : 'stop' command is executed.
17:53:49 INFO  : 'ps7_init' command is executed.
17:53:49 INFO  : 'ps7_post_config' command is executed.
17:53:49 INFO  : Context for processor 'ps7_cortexa9_0' is selected.
17:53:49 INFO  : Processor reset is completed for 'ps7_cortexa9_0'.
17:53:50 INFO  : Context for processor 'ps7_cortexa9_0' is selected.
17:53:50 INFO  : The application 'D:/QEQC/ISA_3/hello/hello/hello.sdk/hello/Debug/hello.elf' is downloaded to processor 'ps7_cortexa9_0'.
17:53:50 INFO  : 'configparams force-mem-access 0' command is executed.
17:53:50 INFO  : ----------------XSDB Script----------------
connect -url tcp:127.0.0.1:3121
source D:/QEQC/ISA_3/hello/hello/hello.sdk/design_1_wrapper_hw_platform_0/ps7_init.tcl
targets -set -nocase -filter {name =~"APU*" && jtag_cable_name =~ "Digilent Zed 210248A49B99"} -index 0
loadhw -hw D:/QEQC/ISA_3/hello/hello/hello.sdk/design_1_wrapper_hw_platform_0/system.hdf -mem-ranges [list {0x40000000 0xbfffffff}]
configparams force-mem-access 1
targets -set -nocase -filter {name =~"APU*" && jtag_cable_name =~ "Digilent Zed 210248A49B99"} -index 0
stop
ps7_init
ps7_post_config
targets -set -nocase -filter {name =~ "ARM*#0" && jtag_cable_name =~ "Digilent Zed 210248A49B99"} -index 0
rst -processor
targets -set -nocase -filter {name =~ "ARM*#0" && jtag_cable_name =~ "Digilent Zed 210248A49B99"} -index 0
dow D:/QEQC/ISA_3/hello/hello/hello.sdk/hello/Debug/hello.elf
configparams force-mem-access 0
----------------End of Script----------------

17:53:50 INFO  : Memory regions updated for context APU
17:53:50 INFO  : Context for processor 'ps7_cortexa9_0' is selected.
17:53:50 INFO  : 'con' command is executed.
17:53:50 INFO  : ----------------XSDB Script (After Launch)----------------
targets -set -nocase -filter {name =~ "ARM*#0" && jtag_cable_name =~ "Digilent Zed 210248A49B99"} -index 0
con
----------------End of Script----------------

17:53:50 INFO  : Launch script is exported to file 'D:\QEQC\ISA_3\hello\hello\hello.sdk\.sdk\launch_scripts\xilinx_c-c++_application_(system_debugger)\system_debugger_using_debug_hello.elf_on_local.tcl'
18:16:21 INFO  : Connected to target on host '127.0.0.1' and port '3121'.
18:16:22 INFO  : 'targets -set -filter {jtag_cable_name =~ "Digilent Zed 210248A49B99" && level==0} -index 1' command is executed.
18:16:24 INFO  : FPGA configured successfully with bitstream "D:/QEQC/ISA_3/hello/hello/hello.sdk/design_1_wrapper_hw_platform_0/design_1_wrapper.bit"
18:20:19 INFO  : Disconnected from the channel tcfchan#17.
18:21:25 INFO  : Connected to target on host '127.0.0.1' and port '3121'.
18:21:25 INFO  : 'targets -set -filter {jtag_cable_name =~ "Digilent Zed 210248A49B99" && level==0} -index 1' command is executed.
18:21:28 INFO  : FPGA configured successfully with bitstream "D:/QEQC/ISA_3/hello/hello/hello.sdk/design_1_wrapper_hw_platform_0/design_1_wrapper.bit"
18:22:43 INFO  : 'targets -set -filter {jtag_cable_name =~ "Digilent Zed 210248A49B99" && level==0} -index 1' command is executed.
18:22:43 INFO  : 'fpga -state' command is executed.
18:22:43 INFO  : Connected to target on host '127.0.0.1' and port '3121'.
18:22:43 INFO  : Jtag cable 'Digilent Zed 210248A49B99' is selected.
18:22:43 INFO  : 'jtag frequency' command is executed.
18:22:43 INFO  : Sourcing of 'D:/QEQC/ISA_3/hello/hello/hello.sdk/design_1_wrapper_hw_platform_0/ps7_init.tcl' is done.
18:22:43 INFO  : Context for 'APU' is selected.
18:22:43 INFO  : Hardware design information is loaded from 'D:/QEQC/ISA_3/hello/hello/hello.sdk/design_1_wrapper_hw_platform_0/system.hdf'.
18:22:43 INFO  : 'configparams force-mem-access 1' command is executed.
18:22:43 INFO  : Context for 'APU' is selected.
18:22:43 INFO  : 'stop' command is executed.
18:22:44 INFO  : 'ps7_init' command is executed.
18:22:44 INFO  : 'ps7_post_config' command is executed.
18:22:44 INFO  : Context for processor 'ps7_cortexa9_0' is selected.
18:22:44 INFO  : Processor reset is completed for 'ps7_cortexa9_0'.
18:22:44 INFO  : Context for processor 'ps7_cortexa9_0' is selected.
18:22:44 INFO  : The application 'D:/QEQC/ISA_3/hello/hello/hello.sdk/hello/Debug/hello.elf' is downloaded to processor 'ps7_cortexa9_0'.
18:22:44 INFO  : 'configparams force-mem-access 0' command is executed.
18:22:44 INFO  : ----------------XSDB Script----------------
connect -url tcp:127.0.0.1:3121
source D:/QEQC/ISA_3/hello/hello/hello.sdk/design_1_wrapper_hw_platform_0/ps7_init.tcl
targets -set -nocase -filter {name =~"APU*" && jtag_cable_name =~ "Digilent Zed 210248A49B99"} -index 0
loadhw -hw D:/QEQC/ISA_3/hello/hello/hello.sdk/design_1_wrapper_hw_platform_0/system.hdf -mem-ranges [list {0x40000000 0xbfffffff}]
configparams force-mem-access 1
targets -set -nocase -filter {name =~"APU*" && jtag_cable_name =~ "Digilent Zed 210248A49B99"} -index 0
stop
ps7_init
ps7_post_config
targets -set -nocase -filter {name =~ "ARM*#0" && jtag_cable_name =~ "Digilent Zed 210248A49B99"} -index 0
rst -processor
targets -set -nocase -filter {name =~ "ARM*#0" && jtag_cable_name =~ "Digilent Zed 210248A49B99"} -index 0
dow D:/QEQC/ISA_3/hello/hello/hello.sdk/hello/Debug/hello.elf
configparams force-mem-access 0
----------------End of Script----------------

18:22:44 INFO  : Memory regions updated for context APU
18:22:45 INFO  : Context for processor 'ps7_cortexa9_0' is selected.
18:22:45 INFO  : 'con' command is executed.
18:22:45 INFO  : ----------------XSDB Script (After Launch)----------------
targets -set -nocase -filter {name =~ "ARM*#0" && jtag_cable_name =~ "Digilent Zed 210248A49B99"} -index 0
con
----------------End of Script----------------

18:22:45 INFO  : Launch script is exported to file 'D:\QEQC\ISA_3\hello\hello\hello.sdk\.sdk\launch_scripts\xilinx_c-c++_application_(system_debugger)\system_debugger_using_debug_hello.elf_on_local.tcl'
18:24:25 INFO  : Disconnected from the channel tcfchan#18.
18:24:26 INFO  : 'targets -set -filter {jtag_cable_name =~ "Digilent Zed 210248A49B99" && level==0} -index 1' command is executed.
18:24:26 INFO  : 'fpga -state' command is executed.
18:24:26 INFO  : Connected to target on host '127.0.0.1' and port '3121'.
18:24:26 INFO  : Jtag cable 'Digilent Zed 210248A49B99' is selected.
18:24:26 INFO  : 'jtag frequency' command is executed.
18:24:26 INFO  : Sourcing of 'D:/QEQC/ISA_3/hello/hello/hello.sdk/design_1_wrapper_hw_platform_0/ps7_init.tcl' is done.
18:24:27 INFO  : Context for 'APU' is selected.
18:24:30 INFO  : Hardware design information is loaded from 'D:/QEQC/ISA_3/hello/hello/hello.sdk/design_1_wrapper_hw_platform_0/system.hdf'.
18:24:30 INFO  : 'configparams force-mem-access 1' command is executed.
18:24:30 INFO  : Context for 'APU' is selected.
18:24:30 INFO  : 'stop' command is executed.
18:24:31 INFO  : 'ps7_init' command is executed.
18:24:31 INFO  : 'ps7_post_config' command is executed.
18:24:31 INFO  : Context for processor 'ps7_cortexa9_0' is selected.
18:24:31 INFO  : Processor reset is completed for 'ps7_cortexa9_0'.
18:24:31 INFO  : Context for processor 'ps7_cortexa9_0' is selected.
18:24:31 INFO  : The application 'D:/QEQC/ISA_3/hello/hello/hello.sdk/hello/Debug/hello.elf' is downloaded to processor 'ps7_cortexa9_0'.
18:24:31 INFO  : 'configparams force-mem-access 0' command is executed.
18:24:31 INFO  : ----------------XSDB Script----------------
connect -url tcp:127.0.0.1:3121
source D:/QEQC/ISA_3/hello/hello/hello.sdk/design_1_wrapper_hw_platform_0/ps7_init.tcl
targets -set -nocase -filter {name =~"APU*" && jtag_cable_name =~ "Digilent Zed 210248A49B99"} -index 0
loadhw -hw D:/QEQC/ISA_3/hello/hello/hello.sdk/design_1_wrapper_hw_platform_0/system.hdf -mem-ranges [list {0x40000000 0xbfffffff}]
configparams force-mem-access 1
targets -set -nocase -filter {name =~"APU*" && jtag_cable_name =~ "Digilent Zed 210248A49B99"} -index 0
stop
ps7_init
ps7_post_config
targets -set -nocase -filter {name =~ "ARM*#0" && jtag_cable_name =~ "Digilent Zed 210248A49B99"} -index 0
rst -processor
targets -set -nocase -filter {name =~ "ARM*#0" && jtag_cable_name =~ "Digilent Zed 210248A49B99"} -index 0
dow D:/QEQC/ISA_3/hello/hello/hello.sdk/hello/Debug/hello.elf
configparams force-mem-access 0
----------------End of Script----------------

18:24:31 INFO  : Memory regions updated for context APU
18:24:31 INFO  : Context for processor 'ps7_cortexa9_0' is selected.
18:24:31 INFO  : 'con' command is executed.
18:24:31 INFO  : ----------------XSDB Script (After Launch)----------------
targets -set -nocase -filter {name =~ "ARM*#0" && jtag_cable_name =~ "Digilent Zed 210248A49B99"} -index 0
con
----------------End of Script----------------

18:24:31 INFO  : Launch script is exported to file 'D:\QEQC\ISA_3\hello\hello\hello.sdk\.sdk\launch_scripts\xilinx_c-c++_application_(system_debugger)\system_debugger_using_debug_hello.elf_on_local.tcl'
18:25:03 INFO  : Disconnected from the channel tcfchan#19.
18:25:04 INFO  : 'targets -set -filter {jtag_cable_name =~ "Digilent Zed 210248A49B99" && level==0} -index 1' command is executed.
18:25:04 INFO  : 'fpga -state' command is executed.
18:25:04 INFO  : Connected to target on host '127.0.0.1' and port '3121'.
18:25:05 INFO  : Jtag cable 'Digilent Zed 210248A49B99' is selected.
18:25:05 INFO  : 'jtag frequency' command is executed.
18:25:05 INFO  : Sourcing of 'D:/QEQC/ISA_3/hello/hello/hello.sdk/design_1_wrapper_hw_platform_0/ps7_init.tcl' is done.
18:25:05 INFO  : Context for 'APU' is selected.
18:25:08 INFO  : Hardware design information is loaded from 'D:/QEQC/ISA_3/hello/hello/hello.sdk/design_1_wrapper_hw_platform_0/system.hdf'.
18:25:08 INFO  : 'configparams force-mem-access 1' command is executed.
18:25:08 INFO  : Context for 'APU' is selected.
18:25:08 INFO  : 'stop' command is executed.
18:25:09 INFO  : 'ps7_init' command is executed.
18:25:09 INFO  : 'ps7_post_config' command is executed.
18:25:09 INFO  : Context for processor 'ps7_cortexa9_0' is selected.
18:25:09 INFO  : Processor reset is completed for 'ps7_cortexa9_0'.
18:25:09 INFO  : Context for processor 'ps7_cortexa9_0' is selected.
18:25:09 INFO  : The application 'D:/QEQC/ISA_3/hello/hello/hello.sdk/hello/Debug/hello.elf' is downloaded to processor 'ps7_cortexa9_0'.
18:25:09 INFO  : 'configparams force-mem-access 0' command is executed.
18:25:09 INFO  : ----------------XSDB Script----------------
connect -url tcp:127.0.0.1:3121
source D:/QEQC/ISA_3/hello/hello/hello.sdk/design_1_wrapper_hw_platform_0/ps7_init.tcl
targets -set -nocase -filter {name =~"APU*" && jtag_cable_name =~ "Digilent Zed 210248A49B99"} -index 0
loadhw -hw D:/QEQC/ISA_3/hello/hello/hello.sdk/design_1_wrapper_hw_platform_0/system.hdf -mem-ranges [list {0x40000000 0xbfffffff}]
configparams force-mem-access 1
targets -set -nocase -filter {name =~"APU*" && jtag_cable_name =~ "Digilent Zed 210248A49B99"} -index 0
stop
ps7_init
ps7_post_config
targets -set -nocase -filter {name =~ "ARM*#0" && jtag_cable_name =~ "Digilent Zed 210248A49B99"} -index 0
rst -processor
targets -set -nocase -filter {name =~ "ARM*#0" && jtag_cable_name =~ "Digilent Zed 210248A49B99"} -index 0
dow D:/QEQC/ISA_3/hello/hello/hello.sdk/hello/Debug/hello.elf
configparams force-mem-access 0
----------------End of Script----------------

18:25:09 INFO  : Memory regions updated for context APU
18:25:09 INFO  : Context for processor 'ps7_cortexa9_0' is selected.
18:25:10 INFO  : 'con' command is executed.
18:25:10 INFO  : ----------------XSDB Script (After Launch)----------------
targets -set -nocase -filter {name =~ "ARM*#0" && jtag_cable_name =~ "Digilent Zed 210248A49B99"} -index 0
con
----------------End of Script----------------

18:25:10 INFO  : Launch script is exported to file 'D:\QEQC\ISA_3\hello\hello\hello.sdk\.sdk\launch_scripts\xilinx_c-c++_application_(system_debugger)\system_debugger_using_debug_hello.elf_on_local.tcl'
18:26:05 INFO  : Disconnected from the channel tcfchan#20.
18:26:06 INFO  : 'targets -set -filter {jtag_cable_name =~ "Digilent Zed 210248A49B99" && level==0} -index 1' command is executed.
18:26:06 INFO  : 'fpga -state' command is executed.
18:26:06 INFO  : Connected to target on host '127.0.0.1' and port '3121'.
18:26:06 INFO  : Jtag cable 'Digilent Zed 210248A49B99' is selected.
18:26:06 INFO  : 'jtag frequency' command is executed.
18:26:06 INFO  : Sourcing of 'D:/QEQC/ISA_3/hello/hello/hello.sdk/design_1_wrapper_hw_platform_0/ps7_init.tcl' is done.
18:26:06 INFO  : Context for 'APU' is selected.
18:26:09 INFO  : Hardware design information is loaded from 'D:/QEQC/ISA_3/hello/hello/hello.sdk/design_1_wrapper_hw_platform_0/system.hdf'.
18:26:09 INFO  : 'configparams force-mem-access 1' command is executed.
18:26:09 INFO  : Context for 'APU' is selected.
18:26:09 INFO  : 'stop' command is executed.
18:26:10 INFO  : 'ps7_init' command is executed.
18:26:10 INFO  : 'ps7_post_config' command is executed.
18:26:10 INFO  : Context for processor 'ps7_cortexa9_0' is selected.
18:26:10 INFO  : Processor reset is completed for 'ps7_cortexa9_0'.
18:26:10 INFO  : Context for processor 'ps7_cortexa9_0' is selected.
18:26:10 INFO  : The application 'D:/QEQC/ISA_3/hello/hello/hello.sdk/hello/Debug/hello.elf' is downloaded to processor 'ps7_cortexa9_0'.
18:26:10 INFO  : 'configparams force-mem-access 0' command is executed.
18:26:10 INFO  : ----------------XSDB Script----------------
connect -url tcp:127.0.0.1:3121
source D:/QEQC/ISA_3/hello/hello/hello.sdk/design_1_wrapper_hw_platform_0/ps7_init.tcl
targets -set -nocase -filter {name =~"APU*" && jtag_cable_name =~ "Digilent Zed 210248A49B99"} -index 0
loadhw -hw D:/QEQC/ISA_3/hello/hello/hello.sdk/design_1_wrapper_hw_platform_0/system.hdf -mem-ranges [list {0x40000000 0xbfffffff}]
configparams force-mem-access 1
targets -set -nocase -filter {name =~"APU*" && jtag_cable_name =~ "Digilent Zed 210248A49B99"} -index 0
stop
ps7_init
ps7_post_config
targets -set -nocase -filter {name =~ "ARM*#0" && jtag_cable_name =~ "Digilent Zed 210248A49B99"} -index 0
rst -processor
targets -set -nocase -filter {name =~ "ARM*#0" && jtag_cable_name =~ "Digilent Zed 210248A49B99"} -index 0
dow D:/QEQC/ISA_3/hello/hello/hello.sdk/hello/Debug/hello.elf
configparams force-mem-access 0
----------------End of Script----------------

18:26:11 INFO  : Memory regions updated for context APU
18:26:11 INFO  : Context for processor 'ps7_cortexa9_0' is selected.
18:26:11 INFO  : 'con' command is executed.
18:26:11 INFO  : ----------------XSDB Script (After Launch)----------------
targets -set -nocase -filter {name =~ "ARM*#0" && jtag_cable_name =~ "Digilent Zed 210248A49B99"} -index 0
con
----------------End of Script----------------

18:26:11 INFO  : Launch script is exported to file 'D:\QEQC\ISA_3\hello\hello\hello.sdk\.sdk\launch_scripts\xilinx_c-c++_application_(system_debugger)\system_debugger_using_debug_hello.elf_on_local.tcl'
18:26:57 INFO  : Disconnected from the channel tcfchan#21.
18:26:58 INFO  : 'targets -set -filter {jtag_cable_name =~ "Digilent Zed 210248A49B99" && level==0} -index 1' command is executed.
18:26:58 INFO  : 'fpga -state' command is executed.
18:26:58 INFO  : Connected to target on host '127.0.0.1' and port '3121'.
18:26:59 INFO  : Jtag cable 'Digilent Zed 210248A49B99' is selected.
18:26:59 INFO  : 'jtag frequency' command is executed.
18:26:59 INFO  : Sourcing of 'D:/QEQC/ISA_3/hello/hello/hello.sdk/design_1_wrapper_hw_platform_0/ps7_init.tcl' is done.
18:26:59 INFO  : Context for 'APU' is selected.
18:27:02 INFO  : Hardware design information is loaded from 'D:/QEQC/ISA_3/hello/hello/hello.sdk/design_1_wrapper_hw_platform_0/system.hdf'.
18:27:02 INFO  : 'configparams force-mem-access 1' command is executed.
18:27:02 INFO  : Context for 'APU' is selected.
18:27:02 INFO  : 'stop' command is executed.
18:27:03 INFO  : 'ps7_init' command is executed.
18:27:03 INFO  : 'ps7_post_config' command is executed.
18:27:03 INFO  : Context for processor 'ps7_cortexa9_0' is selected.
18:27:03 INFO  : Processor reset is completed for 'ps7_cortexa9_0'.
18:27:03 INFO  : Context for processor 'ps7_cortexa9_0' is selected.
18:27:03 INFO  : The application 'D:/QEQC/ISA_3/hello/hello/hello.sdk/hello/Debug/hello.elf' is downloaded to processor 'ps7_cortexa9_0'.
18:27:03 INFO  : 'configparams force-mem-access 0' command is executed.
18:27:03 INFO  : ----------------XSDB Script----------------
connect -url tcp:127.0.0.1:3121
source D:/QEQC/ISA_3/hello/hello/hello.sdk/design_1_wrapper_hw_platform_0/ps7_init.tcl
targets -set -nocase -filter {name =~"APU*" && jtag_cable_name =~ "Digilent Zed 210248A49B99"} -index 0
loadhw -hw D:/QEQC/ISA_3/hello/hello/hello.sdk/design_1_wrapper_hw_platform_0/system.hdf -mem-ranges [list {0x40000000 0xbfffffff}]
configparams force-mem-access 1
targets -set -nocase -filter {name =~"APU*" && jtag_cable_name =~ "Digilent Zed 210248A49B99"} -index 0
stop
ps7_init
ps7_post_config
targets -set -nocase -filter {name =~ "ARM*#0" && jtag_cable_name =~ "Digilent Zed 210248A49B99"} -index 0
rst -processor
targets -set -nocase -filter {name =~ "ARM*#0" && jtag_cable_name =~ "Digilent Zed 210248A49B99"} -index 0
dow D:/QEQC/ISA_3/hello/hello/hello.sdk/hello/Debug/hello.elf
configparams force-mem-access 0
----------------End of Script----------------

18:27:03 INFO  : Memory regions updated for context APU
18:27:03 INFO  : Context for processor 'ps7_cortexa9_0' is selected.
18:27:03 INFO  : 'con' command is executed.
18:27:03 INFO  : ----------------XSDB Script (After Launch)----------------
targets -set -nocase -filter {name =~ "ARM*#0" && jtag_cable_name =~ "Digilent Zed 210248A49B99"} -index 0
con
----------------End of Script----------------

18:27:03 INFO  : Launch script is exported to file 'D:\QEQC\ISA_3\hello\hello\hello.sdk\.sdk\launch_scripts\xilinx_c-c++_application_(system_debugger)\system_debugger_using_debug_hello.elf_on_local.tcl'
18:44:54 INFO  : Disconnected from the channel tcfchan#22.
18:44:56 INFO  : 'targets -set -filter {jtag_cable_name =~ "Digilent Zed 210248A49B99" && level==0} -index 1' command is executed.
18:44:56 INFO  : 'fpga -state' command is executed.
18:44:56 INFO  : Connected to target on host '127.0.0.1' and port '3121'.
18:44:56 INFO  : Jtag cable 'Digilent Zed 210248A49B99' is selected.
18:44:56 INFO  : 'jtag frequency' command is executed.
18:44:56 INFO  : Sourcing of 'D:/QEQC/ISA_3/hello/hello/hello.sdk/design_1_wrapper_hw_platform_0/ps7_init.tcl' is done.
18:44:56 INFO  : Context for 'APU' is selected.
18:44:59 INFO  : Hardware design information is loaded from 'D:/QEQC/ISA_3/hello/hello/hello.sdk/design_1_wrapper_hw_platform_0/system.hdf'.
18:44:59 INFO  : 'configparams force-mem-access 1' command is executed.
18:44:59 INFO  : Context for 'APU' is selected.
18:44:59 INFO  : 'stop' command is executed.
18:45:00 INFO  : 'ps7_init' command is executed.
18:45:00 INFO  : 'ps7_post_config' command is executed.
18:45:00 INFO  : Context for processor 'ps7_cortexa9_0' is selected.
18:45:00 INFO  : Processor reset is completed for 'ps7_cortexa9_0'.
18:45:00 INFO  : Context for processor 'ps7_cortexa9_0' is selected.
18:45:00 INFO  : The application 'D:/QEQC/ISA_3/hello/hello/hello.sdk/hello/Debug/hello.elf' is downloaded to processor 'ps7_cortexa9_0'.
18:45:00 INFO  : 'configparams force-mem-access 0' command is executed.
18:45:00 INFO  : ----------------XSDB Script----------------
connect -url tcp:127.0.0.1:3121
source D:/QEQC/ISA_3/hello/hello/hello.sdk/design_1_wrapper_hw_platform_0/ps7_init.tcl
targets -set -nocase -filter {name =~"APU*" && jtag_cable_name =~ "Digilent Zed 210248A49B99"} -index 0
loadhw -hw D:/QEQC/ISA_3/hello/hello/hello.sdk/design_1_wrapper_hw_platform_0/system.hdf -mem-ranges [list {0x40000000 0xbfffffff}]
configparams force-mem-access 1
targets -set -nocase -filter {name =~"APU*" && jtag_cable_name =~ "Digilent Zed 210248A49B99"} -index 0
stop
ps7_init
ps7_post_config
targets -set -nocase -filter {name =~ "ARM*#0" && jtag_cable_name =~ "Digilent Zed 210248A49B99"} -index 0
rst -processor
targets -set -nocase -filter {name =~ "ARM*#0" && jtag_cable_name =~ "Digilent Zed 210248A49B99"} -index 0
dow D:/QEQC/ISA_3/hello/hello/hello.sdk/hello/Debug/hello.elf
configparams force-mem-access 0
----------------End of Script----------------

18:45:00 INFO  : Memory regions updated for context APU
18:45:01 INFO  : Context for processor 'ps7_cortexa9_0' is selected.
18:45:01 INFO  : 'con' command is executed.
18:45:01 INFO  : ----------------XSDB Script (After Launch)----------------
targets -set -nocase -filter {name =~ "ARM*#0" && jtag_cable_name =~ "Digilent Zed 210248A49B99"} -index 0
con
----------------End of Script----------------

18:45:01 INFO  : Launch script is exported to file 'D:\QEQC\ISA_3\hello\hello\hello.sdk\.sdk\launch_scripts\xilinx_c-c++_application_(system_debugger)\system_debugger_using_debug_hello.elf_on_local.tcl'
18:46:55 INFO  : Disconnected from the channel tcfchan#23.
18:46:56 INFO  : 'targets -set -filter {jtag_cable_name =~ "Digilent Zed 210248A49B99" && level==0} -index 1' command is executed.
18:46:57 INFO  : 'fpga -state' command is executed.
18:46:57 INFO  : Connected to target on host '127.0.0.1' and port '3121'.
18:46:57 INFO  : Jtag cable 'Digilent Zed 210248A49B99' is selected.
18:46:57 INFO  : 'jtag frequency' command is executed.
18:46:57 INFO  : Sourcing of 'D:/QEQC/ISA_3/hello/hello/hello.sdk/design_1_wrapper_hw_platform_0/ps7_init.tcl' is done.
18:46:57 INFO  : Context for 'APU' is selected.
18:46:59 INFO  : Hardware design information is loaded from 'D:/QEQC/ISA_3/hello/hello/hello.sdk/design_1_wrapper_hw_platform_0/system.hdf'.
18:46:59 INFO  : 'configparams force-mem-access 1' command is executed.
18:46:59 INFO  : Context for 'APU' is selected.
18:47:00 INFO  : 'stop' command is executed.
18:47:00 INFO  : 'ps7_init' command is executed.
18:47:00 INFO  : 'ps7_post_config' command is executed.
18:47:00 INFO  : Context for processor 'ps7_cortexa9_0' is selected.
18:47:00 INFO  : Processor reset is completed for 'ps7_cortexa9_0'.
18:47:00 INFO  : Context for processor 'ps7_cortexa9_0' is selected.
18:47:01 INFO  : The application 'D:/QEQC/ISA_3/hello/hello/hello.sdk/hello/Debug/hello.elf' is downloaded to processor 'ps7_cortexa9_0'.
18:47:01 INFO  : 'configparams force-mem-access 0' command is executed.
18:47:01 INFO  : ----------------XSDB Script----------------
connect -url tcp:127.0.0.1:3121
source D:/QEQC/ISA_3/hello/hello/hello.sdk/design_1_wrapper_hw_platform_0/ps7_init.tcl
targets -set -nocase -filter {name =~"APU*" && jtag_cable_name =~ "Digilent Zed 210248A49B99"} -index 0
loadhw -hw D:/QEQC/ISA_3/hello/hello/hello.sdk/design_1_wrapper_hw_platform_0/system.hdf -mem-ranges [list {0x40000000 0xbfffffff}]
configparams force-mem-access 1
targets -set -nocase -filter {name =~"APU*" && jtag_cable_name =~ "Digilent Zed 210248A49B99"} -index 0
stop
ps7_init
ps7_post_config
targets -set -nocase -filter {name =~ "ARM*#0" && jtag_cable_name =~ "Digilent Zed 210248A49B99"} -index 0
rst -processor
targets -set -nocase -filter {name =~ "ARM*#0" && jtag_cable_name =~ "Digilent Zed 210248A49B99"} -index 0
dow D:/QEQC/ISA_3/hello/hello/hello.sdk/hello/Debug/hello.elf
configparams force-mem-access 0
----------------End of Script----------------

18:47:01 INFO  : Memory regions updated for context APU
18:47:01 INFO  : Context for processor 'ps7_cortexa9_0' is selected.
18:47:01 INFO  : 'con' command is executed.
18:47:01 INFO  : ----------------XSDB Script (After Launch)----------------
targets -set -nocase -filter {name =~ "ARM*#0" && jtag_cable_name =~ "Digilent Zed 210248A49B99"} -index 0
con
----------------End of Script----------------

18:47:01 INFO  : Launch script is exported to file 'D:\QEQC\ISA_3\hello\hello\hello.sdk\.sdk\launch_scripts\xilinx_c-c++_application_(system_debugger)\system_debugger_using_debug_hello.elf_on_local.tcl'
18:48:49 INFO  : Disconnected from the channel tcfchan#24.
18:48:50 INFO  : 'targets -set -filter {jtag_cable_name =~ "Digilent Zed 210248A49B99" && level==0} -index 1' command is executed.
18:48:50 INFO  : 'fpga -state' command is executed.
18:48:50 INFO  : Connected to target on host '127.0.0.1' and port '3121'.
18:48:50 INFO  : Jtag cable 'Digilent Zed 210248A49B99' is selected.
18:48:50 INFO  : 'jtag frequency' command is executed.
18:48:50 INFO  : Sourcing of 'D:/QEQC/ISA_3/hello/hello/hello.sdk/design_1_wrapper_hw_platform_0/ps7_init.tcl' is done.
18:48:50 INFO  : Context for 'APU' is selected.
18:48:53 INFO  : Hardware design information is loaded from 'D:/QEQC/ISA_3/hello/hello/hello.sdk/design_1_wrapper_hw_platform_0/system.hdf'.
18:48:53 INFO  : 'configparams force-mem-access 1' command is executed.
18:48:53 INFO  : Context for 'APU' is selected.
18:48:53 INFO  : 'stop' command is executed.
18:48:54 INFO  : 'ps7_init' command is executed.
18:48:54 INFO  : 'ps7_post_config' command is executed.
18:48:54 INFO  : Context for processor 'ps7_cortexa9_0' is selected.
18:48:54 INFO  : Processor reset is completed for 'ps7_cortexa9_0'.
18:48:54 INFO  : Context for processor 'ps7_cortexa9_0' is selected.
18:48:54 INFO  : The application 'D:/QEQC/ISA_3/hello/hello/hello.sdk/hello/Debug/hello.elf' is downloaded to processor 'ps7_cortexa9_0'.
18:48:54 INFO  : 'configparams force-mem-access 0' command is executed.
18:48:54 INFO  : ----------------XSDB Script----------------
connect -url tcp:127.0.0.1:3121
source D:/QEQC/ISA_3/hello/hello/hello.sdk/design_1_wrapper_hw_platform_0/ps7_init.tcl
targets -set -nocase -filter {name =~"APU*" && jtag_cable_name =~ "Digilent Zed 210248A49B99"} -index 0
loadhw -hw D:/QEQC/ISA_3/hello/hello/hello.sdk/design_1_wrapper_hw_platform_0/system.hdf -mem-ranges [list {0x40000000 0xbfffffff}]
configparams force-mem-access 1
targets -set -nocase -filter {name =~"APU*" && jtag_cable_name =~ "Digilent Zed 210248A49B99"} -index 0
stop
ps7_init
ps7_post_config
targets -set -nocase -filter {name =~ "ARM*#0" && jtag_cable_name =~ "Digilent Zed 210248A49B99"} -index 0
rst -processor
targets -set -nocase -filter {name =~ "ARM*#0" && jtag_cable_name =~ "Digilent Zed 210248A49B99"} -index 0
dow D:/QEQC/ISA_3/hello/hello/hello.sdk/hello/Debug/hello.elf
configparams force-mem-access 0
----------------End of Script----------------

18:48:54 INFO  : Memory regions updated for context APU
18:48:55 INFO  : Context for processor 'ps7_cortexa9_0' is selected.
18:48:55 INFO  : 'con' command is executed.
18:48:55 INFO  : ----------------XSDB Script (After Launch)----------------
targets -set -nocase -filter {name =~ "ARM*#0" && jtag_cable_name =~ "Digilent Zed 210248A49B99"} -index 0
con
----------------End of Script----------------

18:48:55 INFO  : Launch script is exported to file 'D:\QEQC\ISA_3\hello\hello\hello.sdk\.sdk\launch_scripts\xilinx_c-c++_application_(system_debugger)\system_debugger_using_debug_hello.elf_on_local.tcl'
18:49:43 INFO  : Disconnected from the channel tcfchan#25.
18:49:44 INFO  : 'targets -set -filter {jtag_cable_name =~ "Digilent Zed 210248A49B99" && level==0} -index 1' command is executed.
18:49:44 INFO  : 'fpga -state' command is executed.
18:49:44 INFO  : Connected to target on host '127.0.0.1' and port '3121'.
18:49:44 INFO  : Jtag cable 'Digilent Zed 210248A49B99' is selected.
18:49:44 INFO  : 'jtag frequency' command is executed.
18:49:44 INFO  : Sourcing of 'D:/QEQC/ISA_3/hello/hello/hello.sdk/design_1_wrapper_hw_platform_0/ps7_init.tcl' is done.
18:49:44 INFO  : Context for 'APU' is selected.
18:49:47 INFO  : Hardware design information is loaded from 'D:/QEQC/ISA_3/hello/hello/hello.sdk/design_1_wrapper_hw_platform_0/system.hdf'.
18:49:47 INFO  : 'configparams force-mem-access 1' command is executed.
18:49:47 INFO  : Context for 'APU' is selected.
18:49:47 INFO  : 'stop' command is executed.
18:49:48 INFO  : 'ps7_init' command is executed.
18:49:48 INFO  : 'ps7_post_config' command is executed.
18:49:48 INFO  : Context for processor 'ps7_cortexa9_0' is selected.
18:49:48 INFO  : Processor reset is completed for 'ps7_cortexa9_0'.
18:49:48 INFO  : Context for processor 'ps7_cortexa9_0' is selected.
18:49:48 INFO  : The application 'D:/QEQC/ISA_3/hello/hello/hello.sdk/hello/Debug/hello.elf' is downloaded to processor 'ps7_cortexa9_0'.
18:49:48 INFO  : 'configparams force-mem-access 0' command is executed.
18:49:48 INFO  : ----------------XSDB Script----------------
connect -url tcp:127.0.0.1:3121
source D:/QEQC/ISA_3/hello/hello/hello.sdk/design_1_wrapper_hw_platform_0/ps7_init.tcl
targets -set -nocase -filter {name =~"APU*" && jtag_cable_name =~ "Digilent Zed 210248A49B99"} -index 0
loadhw -hw D:/QEQC/ISA_3/hello/hello/hello.sdk/design_1_wrapper_hw_platform_0/system.hdf -mem-ranges [list {0x40000000 0xbfffffff}]
configparams force-mem-access 1
targets -set -nocase -filter {name =~"APU*" && jtag_cable_name =~ "Digilent Zed 210248A49B99"} -index 0
stop
ps7_init
ps7_post_config
targets -set -nocase -filter {name =~ "ARM*#0" && jtag_cable_name =~ "Digilent Zed 210248A49B99"} -index 0
rst -processor
targets -set -nocase -filter {name =~ "ARM*#0" && jtag_cable_name =~ "Digilent Zed 210248A49B99"} -index 0
dow D:/QEQC/ISA_3/hello/hello/hello.sdk/hello/Debug/hello.elf
configparams force-mem-access 0
----------------End of Script----------------

18:49:49 INFO  : Memory regions updated for context APU
18:49:49 INFO  : Context for processor 'ps7_cortexa9_0' is selected.
18:49:49 INFO  : 'con' command is executed.
18:49:49 INFO  : ----------------XSDB Script (After Launch)----------------
targets -set -nocase -filter {name =~ "ARM*#0" && jtag_cable_name =~ "Digilent Zed 210248A49B99"} -index 0
con
----------------End of Script----------------

18:49:49 INFO  : Launch script is exported to file 'D:\QEQC\ISA_3\hello\hello\hello.sdk\.sdk\launch_scripts\xilinx_c-c++_application_(system_debugger)\system_debugger_using_debug_hello.elf_on_local.tcl'
18:55:29 INFO  : Disconnected from the channel tcfchan#26.
18:55:30 INFO  : 'targets -set -filter {jtag_cable_name =~ "Digilent Zed 210248A49B99" && level==0} -index 1' command is executed.
18:55:30 INFO  : 'fpga -state' command is executed.
18:55:30 INFO  : Connected to target on host '127.0.0.1' and port '3121'.
18:55:30 INFO  : Jtag cable 'Digilent Zed 210248A49B99' is selected.
18:55:30 INFO  : 'jtag frequency' command is executed.
18:55:30 INFO  : Sourcing of 'D:/QEQC/ISA_3/hello/hello/hello.sdk/design_1_wrapper_hw_platform_0/ps7_init.tcl' is done.
18:55:30 INFO  : Context for 'APU' is selected.
18:55:33 INFO  : Hardware design information is loaded from 'D:/QEQC/ISA_3/hello/hello/hello.sdk/design_1_wrapper_hw_platform_0/system.hdf'.
18:55:33 INFO  : 'configparams force-mem-access 1' command is executed.
18:55:33 INFO  : Context for 'APU' is selected.
18:55:33 INFO  : 'stop' command is executed.
18:55:34 INFO  : 'ps7_init' command is executed.
18:55:34 INFO  : 'ps7_post_config' command is executed.
18:55:34 INFO  : Context for processor 'ps7_cortexa9_0' is selected.
18:55:34 INFO  : Processor reset is completed for 'ps7_cortexa9_0'.
18:55:34 INFO  : Context for processor 'ps7_cortexa9_0' is selected.
18:55:34 INFO  : The application 'D:/QEQC/ISA_3/hello/hello/hello.sdk/hello/Debug/hello.elf' is downloaded to processor 'ps7_cortexa9_0'.
18:55:34 INFO  : 'configparams force-mem-access 0' command is executed.
18:55:34 INFO  : ----------------XSDB Script----------------
connect -url tcp:127.0.0.1:3121
source D:/QEQC/ISA_3/hello/hello/hello.sdk/design_1_wrapper_hw_platform_0/ps7_init.tcl
targets -set -nocase -filter {name =~"APU*" && jtag_cable_name =~ "Digilent Zed 210248A49B99"} -index 0
loadhw -hw D:/QEQC/ISA_3/hello/hello/hello.sdk/design_1_wrapper_hw_platform_0/system.hdf -mem-ranges [list {0x40000000 0xbfffffff}]
configparams force-mem-access 1
targets -set -nocase -filter {name =~"APU*" && jtag_cable_name =~ "Digilent Zed 210248A49B99"} -index 0
stop
ps7_init
ps7_post_config
targets -set -nocase -filter {name =~ "ARM*#0" && jtag_cable_name =~ "Digilent Zed 210248A49B99"} -index 0
rst -processor
targets -set -nocase -filter {name =~ "ARM*#0" && jtag_cable_name =~ "Digilent Zed 210248A49B99"} -index 0
dow D:/QEQC/ISA_3/hello/hello/hello.sdk/hello/Debug/hello.elf
configparams force-mem-access 0
----------------End of Script----------------

18:55:34 INFO  : Memory regions updated for context APU
18:55:34 INFO  : Context for processor 'ps7_cortexa9_0' is selected.
18:55:34 INFO  : 'con' command is executed.
18:55:34 INFO  : ----------------XSDB Script (After Launch)----------------
targets -set -nocase -filter {name =~ "ARM*#0" && jtag_cable_name =~ "Digilent Zed 210248A49B99"} -index 0
con
----------------End of Script----------------

18:55:34 INFO  : Launch script is exported to file 'D:\QEQC\ISA_3\hello\hello\hello.sdk\.sdk\launch_scripts\xilinx_c-c++_application_(system_debugger)\system_debugger_using_debug_hello.elf_on_local.tcl'
18:58:48 INFO  : Disconnected from the channel tcfchan#27.
18:58:49 INFO  : 'targets -set -filter {jtag_cable_name =~ "Digilent Zed 210248A49B99" && level==0} -index 1' command is executed.
18:58:49 INFO  : 'fpga -state' command is executed.
18:58:49 INFO  : Connected to target on host '127.0.0.1' and port '3121'.
18:58:50 INFO  : Jtag cable 'Digilent Zed 210248A49B99' is selected.
18:58:50 INFO  : 'jtag frequency' command is executed.
18:58:50 INFO  : Sourcing of 'D:/QEQC/ISA_3/hello/hello/hello.sdk/design_1_wrapper_hw_platform_0/ps7_init.tcl' is done.
18:58:50 INFO  : Context for 'APU' is selected.
18:58:52 INFO  : Hardware design information is loaded from 'D:/QEQC/ISA_3/hello/hello/hello.sdk/design_1_wrapper_hw_platform_0/system.hdf'.
18:58:52 INFO  : 'configparams force-mem-access 1' command is executed.
18:58:52 INFO  : Context for 'APU' is selected.
18:58:52 INFO  : 'stop' command is executed.
18:58:53 INFO  : 'ps7_init' command is executed.
18:58:53 INFO  : 'ps7_post_config' command is executed.
18:58:53 INFO  : Context for processor 'ps7_cortexa9_0' is selected.
18:58:53 INFO  : Processor reset is completed for 'ps7_cortexa9_0'.
18:58:53 INFO  : Context for processor 'ps7_cortexa9_0' is selected.
18:58:53 INFO  : The application 'D:/QEQC/ISA_3/hello/hello/hello.sdk/hello/Debug/hello.elf' is downloaded to processor 'ps7_cortexa9_0'.
18:58:53 INFO  : 'configparams force-mem-access 0' command is executed.
18:58:53 INFO  : ----------------XSDB Script----------------
connect -url tcp:127.0.0.1:3121
source D:/QEQC/ISA_3/hello/hello/hello.sdk/design_1_wrapper_hw_platform_0/ps7_init.tcl
targets -set -nocase -filter {name =~"APU*" && jtag_cable_name =~ "Digilent Zed 210248A49B99"} -index 0
loadhw -hw D:/QEQC/ISA_3/hello/hello/hello.sdk/design_1_wrapper_hw_platform_0/system.hdf -mem-ranges [list {0x40000000 0xbfffffff}]
configparams force-mem-access 1
targets -set -nocase -filter {name =~"APU*" && jtag_cable_name =~ "Digilent Zed 210248A49B99"} -index 0
stop
ps7_init
ps7_post_config
targets -set -nocase -filter {name =~ "ARM*#0" && jtag_cable_name =~ "Digilent Zed 210248A49B99"} -index 0
rst -processor
targets -set -nocase -filter {name =~ "ARM*#0" && jtag_cable_name =~ "Digilent Zed 210248A49B99"} -index 0
dow D:/QEQC/ISA_3/hello/hello/hello.sdk/hello/Debug/hello.elf
configparams force-mem-access 0
----------------End of Script----------------

18:58:54 INFO  : Memory regions updated for context APU
18:58:54 INFO  : Context for processor 'ps7_cortexa9_0' is selected.
18:58:54 INFO  : 'con' command is executed.
18:58:54 INFO  : ----------------XSDB Script (After Launch)----------------
targets -set -nocase -filter {name =~ "ARM*#0" && jtag_cable_name =~ "Digilent Zed 210248A49B99"} -index 0
con
----------------End of Script----------------

18:58:54 INFO  : Launch script is exported to file 'D:\QEQC\ISA_3\hello\hello\hello.sdk\.sdk\launch_scripts\xilinx_c-c++_application_(system_debugger)\system_debugger_using_debug_hello.elf_on_local.tcl'
19:00:28 INFO  : Disconnected from the channel tcfchan#28.
19:00:29 INFO  : 'targets -set -filter {jtag_cable_name =~ "Digilent Zed 210248A49B99" && level==0} -index 1' command is executed.
19:00:29 INFO  : 'fpga -state' command is executed.
19:00:29 INFO  : Connected to target on host '127.0.0.1' and port '3121'.
19:00:29 INFO  : Jtag cable 'Digilent Zed 210248A49B99' is selected.
19:00:29 INFO  : 'jtag frequency' command is executed.
19:00:29 INFO  : Sourcing of 'D:/QEQC/ISA_3/hello/hello/hello.sdk/design_1_wrapper_hw_platform_0/ps7_init.tcl' is done.
19:00:29 INFO  : Context for 'APU' is selected.
19:00:32 INFO  : Hardware design information is loaded from 'D:/QEQC/ISA_3/hello/hello/hello.sdk/design_1_wrapper_hw_platform_0/system.hdf'.
19:00:32 INFO  : 'configparams force-mem-access 1' command is executed.
19:00:32 INFO  : Context for 'APU' is selected.
19:00:32 INFO  : 'stop' command is executed.
19:00:33 INFO  : 'ps7_init' command is executed.
19:00:33 INFO  : 'ps7_post_config' command is executed.
19:00:33 INFO  : Context for processor 'ps7_cortexa9_0' is selected.
19:00:33 INFO  : Processor reset is completed for 'ps7_cortexa9_0'.
19:00:33 INFO  : Context for processor 'ps7_cortexa9_0' is selected.
19:00:33 INFO  : The application 'D:/QEQC/ISA_3/hello/hello/hello.sdk/hello/Debug/hello.elf' is downloaded to processor 'ps7_cortexa9_0'.
19:00:33 INFO  : 'configparams force-mem-access 0' command is executed.
19:00:33 INFO  : ----------------XSDB Script----------------
connect -url tcp:127.0.0.1:3121
source D:/QEQC/ISA_3/hello/hello/hello.sdk/design_1_wrapper_hw_platform_0/ps7_init.tcl
targets -set -nocase -filter {name =~"APU*" && jtag_cable_name =~ "Digilent Zed 210248A49B99"} -index 0
loadhw -hw D:/QEQC/ISA_3/hello/hello/hello.sdk/design_1_wrapper_hw_platform_0/system.hdf -mem-ranges [list {0x40000000 0xbfffffff}]
configparams force-mem-access 1
targets -set -nocase -filter {name =~"APU*" && jtag_cable_name =~ "Digilent Zed 210248A49B99"} -index 0
stop
ps7_init
ps7_post_config
targets -set -nocase -filter {name =~ "ARM*#0" && jtag_cable_name =~ "Digilent Zed 210248A49B99"} -index 0
rst -processor
targets -set -nocase -filter {name =~ "ARM*#0" && jtag_cable_name =~ "Digilent Zed 210248A49B99"} -index 0
dow D:/QEQC/ISA_3/hello/hello/hello.sdk/hello/Debug/hello.elf
configparams force-mem-access 0
----------------End of Script----------------

19:00:33 INFO  : Memory regions updated for context APU
19:00:34 INFO  : Context for processor 'ps7_cortexa9_0' is selected.
19:00:34 INFO  : 'con' command is executed.
19:00:34 INFO  : ----------------XSDB Script (After Launch)----------------
targets -set -nocase -filter {name =~ "ARM*#0" && jtag_cable_name =~ "Digilent Zed 210248A49B99"} -index 0
con
----------------End of Script----------------

19:00:34 INFO  : Launch script is exported to file 'D:\QEQC\ISA_3\hello\hello\hello.sdk\.sdk\launch_scripts\xilinx_c-c++_application_(system_debugger)\system_debugger_using_debug_hello.elf_on_local.tcl'
00:40:02 INFO  : Registering command handlers for SDK TCF services
00:40:04 INFO  : Launching XSCT server: xsct.bat -interactive D:\QEQC\ISA_3\hello\hello\hello.sdk\temp_xsdb_launch_script.tcl
00:40:11 INFO  : XSCT server has started successfully.
00:40:11 INFO  : Successfully done setting XSCT server connection channel  
00:40:19 INFO  : Successfully done setting SDK workspace  
00:40:19 INFO  : Processing command line option -hwspec D:/QEQC/ISA_3/hello/hello/hello.sdk/design_1_wrapper.hdf.
00:40:19 INFO  : Checking for hwspec changes in the project design_1_wrapper_hw_platform_0.
